cp: '/users/s/m/smyersn/Vinculin/Vinculin_test_data/Vinculin_training_data_cyto2_results/2024.01.19_Cterm_Cell_27_Vinculin.tif' and '/users/s/m/smyersn/Vinculin/Vinculin_test_data/Vinculin_training_data_cyto2_results/2024.01.19_Cterm_Cell_27_Vinculin.tif' are the same file
cp: '/users/s/m/smyersn/Vinculin/Vinculin_test_data/Vinculin_training_data_cyto2_results/2024.01.12_noTag_Cell_17_Vinculin_cp_masks.tif' and '/users/s/m/smyersn/Vinculin/Vinculin_test_data/Vinculin_training_data_cyto2_results/2024.01.12_noTag_Cell_17_Vinculin_cp_masks.tif' are the same file
cp: '/users/s/m/smyersn/Vinculin/Vinculin_test_data/Vinculin_training_data_cyto2_results/2024.01.12_1073_Cell_28_Vinculin.tif' and '/users/s/m/smyersn/Vinculin/Vinculin_test_data/Vinculin_training_data_cyto2_results/2024.01.12_1073_Cell_28_Vinculin.tif' are the same file
cp: '/users/s/m/smyersn/Vinculin/Vinculin_test_data/Vinculin_training_data_cyto2_results/2024.01.19_1073_Cell_6_Vinculin.tif' and '/users/s/m/smyersn/Vinculin/Vinculin_test_data/Vinculin_training_data_cyto2_results/2024.01.19_1073_Cell_6_Vinculin.tif' are the same file
cp: '/users/s/m/smyersn/Vinculin/Vinculin_test_data/Vinculin_training_data_cyto2_results/2024.01.19_1073_Cell_26_Vinculin.tif' and '/users/s/m/smyersn/Vinculin/Vinculin_test_data/Vinculin_training_data_cyto2_results/2024.01.19_1073_Cell_26_Vinculin.tif' are the same file
cp: '/users/s/m/smyersn/Vinculin/Vinculin_test_data/Vinculin_training_data_cyto2_results/2024.01.12_Cterm_Cell_4_Vinculin_cp_masks.tif' and '/users/s/m/smyersn/Vinculin/Vinculin_test_data/Vinculin_training_data_cyto2_results/2024.01.12_Cterm_Cell_4_Vinculin_cp_masks.tif' are the same file
cp: '/users/s/m/smyersn/Vinculin/Vinculin_test_data/Vinculin_training_data_cyto2_results/2024.01.19_Cterm_Cell_31_Vinculin_outlines.png' and '/users/s/m/smyersn/Vinculin/Vinculin_test_data/Vinculin_training_data_cyto2_results/2024.01.19_Cterm_Cell_31_Vinculin_outlines.png' are the same file
cp: '/users/s/m/smyersn/Vinculin/Vinculin_test_data/Vinculin_training_data_cyto2_results/2024.01.19_Cterm_Cell_25_Vinculin_cp_masks.tif' and '/users/s/m/smyersn/Vinculin/Vinculin_test_data/Vinculin_training_data_cyto2_results/2024.01.19_Cterm_Cell_25_Vinculin_cp_masks.tif' are the same file
cp: '/users/s/m/smyersn/Vinculin/Vinculin_test_data/Vinculin_training_data_cyto2_results/2024.01.19_1073_Cell_16_Vinculin_cp_masks.tif' and '/users/s/m/smyersn/Vinculin/Vinculin_test_data/Vinculin_training_data_cyto2_results/2024.01.19_1073_Cell_16_Vinculin_cp_masks.tif' are the same file
cp: '/users/s/m/smyersn/Vinculin/Vinculin_test_data/Vinculin_training_data_cyto2_results/2024.01.12_Cterm_Cell_15_Vinculin_cp_masks.tif' and '/users/s/m/smyersn/Vinculin/Vinculin_test_data/Vinculin_training_data_cyto2_results/2024.01.12_Cterm_Cell_15_Vinculin_cp_masks.tif' are the same file
cp: '/users/s/m/smyersn/Vinculin/Vinculin_test_data/Vinculin_training_data_cyto2_results/2024.01.19_1073_Cell_4_Vinculin.tif' and '/users/s/m/smyersn/Vinculin/Vinculin_test_data/Vinculin_training_data_cyto2_results/2024.01.19_1073_Cell_4_Vinculin.tif' are the same file
cp: '/users/s/m/smyersn/Vinculin/Vinculin_test_data/Vinculin_training_data_cyto2_results/2024.01.12_Cterm_Cell_11_Vinculin_cp_masks.tif' and '/users/s/m/smyersn/Vinculin/Vinculin_test_data/Vinculin_training_data_cyto2_results/2024.01.12_Cterm_Cell_11_Vinculin_cp_masks.tif' are the same file
cp: '/users/s/m/smyersn/Vinculin/Vinculin_test_data/Vinculin_training_data_cyto2_results/2024.01.12_Cterm_Cell_5_Vinculin.tif' and '/users/s/m/smyersn/Vinculin/Vinculin_test_data/Vinculin_training_data_cyto2_results/2024.01.12_Cterm_Cell_5_Vinculin.tif' are the same file
cp: '/users/s/m/smyersn/Vinculin/Vinculin_test_data/Vinculin_training_data_cyto2_results/2024.01.19_Cterm_Cell_12_Vinculin_cp_masks.tif' and '/users/s/m/smyersn/Vinculin/Vinculin_test_data/Vinculin_training_data_cyto2_results/2024.01.19_Cterm_Cell_12_Vinculin_cp_masks.tif' are the same file
cp: '/users/s/m/smyersn/Vinculin/Vinculin_test_data/Vinculin_training_data_cyto2_results/2024.01.12_noTag_Cell_19_Vinculin.tif' and '/users/s/m/smyersn/Vinculin/Vinculin_test_data/Vinculin_training_data_cyto2_results/2024.01.12_noTag_Cell_19_Vinculin.tif' are the same file
cp: '/users/s/m/smyersn/Vinculin/Vinculin_test_data/Vinculin_training_data_cyto2_results/2024.01.12_noTag_Cell_17_Vinculin.tif' and '/users/s/m/smyersn/Vinculin/Vinculin_test_data/Vinculin_training_data_cyto2_results/2024.01.12_noTag_Cell_17_Vinculin.tif' are the same file
cp: '/users/s/m/smyersn/Vinculin/Vinculin_test_data/Vinculin_training_data_cyto2_results/2024.01.19_noTag_Cell_2_Vinculin.tif' and '/users/s/m/smyersn/Vinculin/Vinculin_test_data/Vinculin_training_data_cyto2_results/2024.01.19_noTag_Cell_2_Vinculin.tif' are the same file
cp: '/users/s/m/smyersn/Vinculin/Vinculin_test_data/Vinculin_training_data_cyto2_results/2024.01.19_1073_Cell_7_Vinculin.tif' and '/users/s/m/smyersn/Vinculin/Vinculin_test_data/Vinculin_training_data_cyto2_results/2024.01.19_1073_Cell_7_Vinculin.tif' are the same file
cp: '/users/s/m/smyersn/Vinculin/Vinculin_test_data/Vinculin_training_data_cyto2_results/2024.01.19_Cterm_Cell_18_Vinculin.tif' and '/users/s/m/smyersn/Vinculin/Vinculin_test_data/Vinculin_training_data_cyto2_results/2024.01.19_Cterm_Cell_18_Vinculin.tif' are the same file
cp: '/users/s/m/smyersn/Vinculin/Vinculin_test_data/Vinculin_training_data_cyto2_results/2024.01.12_noTag_Cell_12_Vinculin_cp_masks.tif' and '/users/s/m/smyersn/Vinculin/Vinculin_test_data/Vinculin_training_data_cyto2_results/2024.01.12_noTag_Cell_12_Vinculin_cp_masks.tif' are the same file
cp: '/users/s/m/smyersn/Vinculin/Vinculin_test_data/Vinculin_training_data_cyto2_results/2024.01.19_Cterm_Cell_32_Vinculin_cp_masks.tif' and '/users/s/m/smyersn/Vinculin/Vinculin_test_data/Vinculin_training_data_cyto2_results/2024.01.19_Cterm_Cell_32_Vinculin_cp_masks.tif' are the same file
cp: '/users/s/m/smyersn/Vinculin/Vinculin_test_data/Vinculin_training_data_cyto2_results/2024.01.12_1073_Cell_25_Vinculin_cp_masks.tif' and '/users/s/m/smyersn/Vinculin/Vinculin_test_data/Vinculin_training_data_cyto2_results/2024.01.12_1073_Cell_25_Vinculin_cp_masks.tif' are the same file
cp: '/users/s/m/smyersn/Vinculin/Vinculin_test_data/Vinculin_training_data_cyto2_results/2024.01.12_Cterm_Cell_22_Vinculin_cp_masks.tif' and '/users/s/m/smyersn/Vinculin/Vinculin_test_data/Vinculin_training_data_cyto2_results/2024.01.12_Cterm_Cell_22_Vinculin_cp_masks.tif' are the same file
cp: '/users/s/m/smyersn/Vinculin/Vinculin_test_data/Vinculin_training_data_cyto2_results/2024.01.19_noTag_Cell_11_Vinculin_cp_masks.tif' and '/users/s/m/smyersn/Vinculin/Vinculin_test_data/Vinculin_training_data_cyto2_results/2024.01.19_noTag_Cell_11_Vinculin_cp_masks.tif' are the same file
cp: '/users/s/m/smyersn/Vinculin/Vinculin_test_data/Vinculin_training_data_cyto2_results/2024.01.19_Cterm_Cell_21_Vinculin.tif' and '/users/s/m/smyersn/Vinculin/Vinculin_test_data/Vinculin_training_data_cyto2_results/2024.01.19_Cterm_Cell_21_Vinculin.tif' are the same file
cp: '/users/s/m/smyersn/Vinculin/Vinculin_test_data/Vinculin_training_data_cyto2_results/2024.01.12_Cterm_Cell_19_Vinculin_cp_masks.tif' and '/users/s/m/smyersn/Vinculin/Vinculin_test_data/Vinculin_training_data_cyto2_results/2024.01.12_Cterm_Cell_19_Vinculin_cp_masks.tif' are the same file
cp: '/users/s/m/smyersn/Vinculin/Vinculin_test_data/Vinculin_training_data_cyto2_results/2024.01.12_Cterm_Cell_20_Vinculin.tif' and '/users/s/m/smyersn/Vinculin/Vinculin_test_data/Vinculin_training_data_cyto2_results/2024.01.12_Cterm_Cell_20_Vinculin.tif' are the same file
cp: '/users/s/m/smyersn/Vinculin/Vinculin_test_data/Vinculin_training_data_cyto2_results/2024.01.19_noTag_Cell_7_Vinculin_outlines.png' and '/users/s/m/smyersn/Vinculin/Vinculin_test_data/Vinculin_training_data_cyto2_results/2024.01.19_noTag_Cell_7_Vinculin_outlines.png' are the same file
cp: '/users/s/m/smyersn/Vinculin/Vinculin_test_data/Vinculin_training_data_cyto2_results/2024.01.19_noTag_Cell_16_Vinculin_cp_masks.tif' and '/users/s/m/smyersn/Vinculin/Vinculin_test_data/Vinculin_training_data_cyto2_results/2024.01.19_noTag_Cell_16_Vinculin_cp_masks.tif' are the same file
cp: '/users/s/m/smyersn/Vinculin/Vinculin_test_data/Vinculin_training_data_cyto2_results/2024.01.12_1073_Cell_24_Vinculin_cp_masks.tif' and '/users/s/m/smyersn/Vinculin/Vinculin_test_data/Vinculin_training_data_cyto2_results/2024.01.12_1073_Cell_24_Vinculin_cp_masks.tif' are the same file
cp: '/users/s/m/smyersn/Vinculin/Vinculin_test_data/Vinculin_training_data_cyto2_results/2024.01.12_noTag_Cell_20_Vinculin.tif' and '/users/s/m/smyersn/Vinculin/Vinculin_test_data/Vinculin_training_data_cyto2_results/2024.01.12_noTag_Cell_20_Vinculin.tif' are the same file
cp: '/users/s/m/smyersn/Vinculin/Vinculin_test_data/Vinculin_training_data_cyto2_results/2024.01.12_noTag_Cell_6_Vinculin.tif' and '/users/s/m/smyersn/Vinculin/Vinculin_test_data/Vinculin_training_data_cyto2_results/2024.01.12_noTag_Cell_6_Vinculin.tif' are the same file
cp: '/users/s/m/smyersn/Vinculin/Vinculin_test_data/Vinculin_training_data_cyto2_results/2024.01.12_Cterm_Cell_24_Vinculin_cp_masks.tif' and '/users/s/m/smyersn/Vinculin/Vinculin_test_data/Vinculin_training_data_cyto2_results/2024.01.12_Cterm_Cell_24_Vinculin_cp_masks.tif' are the same file
cp: '/users/s/m/smyersn/Vinculin/Vinculin_test_data/Vinculin_training_data_cyto2_results/2024.01.12_Cterm_Cell_15_Vinculin.tif' and '/users/s/m/smyersn/Vinculin/Vinculin_test_data/Vinculin_training_data_cyto2_results/2024.01.12_Cterm_Cell_15_Vinculin.tif' are the same file
cp: '/users/s/m/smyersn/Vinculin/Vinculin_test_data/Vinculin_training_data_cyto2_results/2024.01.12_Cterm_Cell_8_Vinculin.tif' and '/users/s/m/smyersn/Vinculin/Vinculin_test_data/Vinculin_training_data_cyto2_results/2024.01.12_Cterm_Cell_8_Vinculin.tif' are the same file
cp: '/users/s/m/smyersn/Vinculin/Vinculin_test_data/Vinculin_training_data_cyto2_results/2024.01.12_noTag_Cell_4_Vinculin_cp_masks.tif' and '/users/s/m/smyersn/Vinculin/Vinculin_test_data/Vinculin_training_data_cyto2_results/2024.01.12_noTag_Cell_4_Vinculin_cp_masks.tif' are the same file
cp: '/users/s/m/smyersn/Vinculin/Vinculin_test_data/Vinculin_training_data_cyto2_results/2024.01.12_noTag_Cell_2_Vinculin.tif' and '/users/s/m/smyersn/Vinculin/Vinculin_test_data/Vinculin_training_data_cyto2_results/2024.01.12_noTag_Cell_2_Vinculin.tif' are the same file
cp: '/users/s/m/smyersn/Vinculin/Vinculin_test_data/Vinculin_training_data_cyto2_results/2024.01.19_Cterm_Cell_15_Vinculin.tif' and '/users/s/m/smyersn/Vinculin/Vinculin_test_data/Vinculin_training_data_cyto2_results/2024.01.19_Cterm_Cell_15_Vinculin.tif' are the same file
cp: '/users/s/m/smyersn/Vinculin/Vinculin_test_data/Vinculin_training_data_cyto2_results/2024.01.19_1073_Cell_11_Vinculin.tif' and '/users/s/m/smyersn/Vinculin/Vinculin_test_data/Vinculin_training_data_cyto2_results/2024.01.19_1073_Cell_11_Vinculin.tif' are the same file
cp: '/users/s/m/smyersn/Vinculin/Vinculin_test_data/Vinculin_training_data_cyto2_results/2024.01.19_1073_Cell_1_Vinculin.tif' and '/users/s/m/smyersn/Vinculin/Vinculin_test_data/Vinculin_training_data_cyto2_results/2024.01.19_1073_Cell_1_Vinculin.tif' are the same file
cp: '/users/s/m/smyersn/Vinculin/Vinculin_test_data/Vinculin_training_data_cyto2_results/2024.01.19_Cterm_Cell_29_Vinculin_cp_masks.tif' and '/users/s/m/smyersn/Vinculin/Vinculin_test_data/Vinculin_training_data_cyto2_results/2024.01.19_Cterm_Cell_29_Vinculin_cp_masks.tif' are the same file
cp: '/users/s/m/smyersn/Vinculin/Vinculin_test_data/Vinculin_training_data_cyto2_results/2024.01.12_noTag_Cell_23_Vinculin.tif' and '/users/s/m/smyersn/Vinculin/Vinculin_test_data/Vinculin_training_data_cyto2_results/2024.01.12_noTag_Cell_23_Vinculin.tif' are the same file
cp: '/users/s/m/smyersn/Vinculin/Vinculin_test_data/Vinculin_training_data_cyto2_results/2024.01.19_noTag_Cell_16_Vinculin.tif' and '/users/s/m/smyersn/Vinculin/Vinculin_test_data/Vinculin_training_data_cyto2_results/2024.01.19_noTag_Cell_16_Vinculin.tif' are the same file
cp: '/users/s/m/smyersn/Vinculin/Vinculin_test_data/Vinculin_training_data_cyto2_results/2024.01.19_Cterm_Cell_31_Vinculin_cp_masks.tif' and '/users/s/m/smyersn/Vinculin/Vinculin_test_data/Vinculin_training_data_cyto2_results/2024.01.19_Cterm_Cell_31_Vinculin_cp_masks.tif' are the same file
cp: '/users/s/m/smyersn/Vinculin/Vinculin_test_data/Vinculin_training_data_cyto2_results/2024.01.19_1073_Cell_10_Vinculin_cp_masks.tif' and '/users/s/m/smyersn/Vinculin/Vinculin_test_data/Vinculin_training_data_cyto2_results/2024.01.19_1073_Cell_10_Vinculin_cp_masks.tif' are the same file
cp: '/users/s/m/smyersn/Vinculin/Vinculin_test_data/Vinculin_training_data_cyto2_results/2024.01.12_noTag_Cell_18_Vinculin.tif' and '/users/s/m/smyersn/Vinculin/Vinculin_test_data/Vinculin_training_data_cyto2_results/2024.01.12_noTag_Cell_18_Vinculin.tif' are the same file
cp: '/users/s/m/smyersn/Vinculin/Vinculin_test_data/Vinculin_training_data_cyto2_results/2024.01.19_noTag_Cell_20_Vinculin.tif' and '/users/s/m/smyersn/Vinculin/Vinculin_test_data/Vinculin_training_data_cyto2_results/2024.01.19_noTag_Cell_20_Vinculin.tif' are the same file
cp: '/users/s/m/smyersn/Vinculin/Vinculin_test_data/Vinculin_training_data_cyto2_results/2024.01.12_noTag_Cell_22_Vinculin.tif' and '/users/s/m/smyersn/Vinculin/Vinculin_test_data/Vinculin_training_data_cyto2_results/2024.01.12_noTag_Cell_22_Vinculin.tif' are the same file
cp: '/users/s/m/smyersn/Vinculin/Vinculin_test_data/Vinculin_training_data_cyto2_results/2024.01.19_1073_Cell_2_Vinculin_cp_masks.tif' and '/users/s/m/smyersn/Vinculin/Vinculin_test_data/Vinculin_training_data_cyto2_results/2024.01.19_1073_Cell_2_Vinculin_cp_masks.tif' are the same file
cp: '/users/s/m/smyersn/Vinculin/Vinculin_test_data/Vinculin_training_data_cyto2_results/2024.01.12_Cterm_Cell_2_Vinculin_cp_masks.tif' and '/users/s/m/smyersn/Vinculin/Vinculin_test_data/Vinculin_training_data_cyto2_results/2024.01.12_Cterm_Cell_2_Vinculin_cp_masks.tif' are the same file
cp: '/users/s/m/smyersn/Vinculin/Vinculin_test_data/Vinculin_training_data_cyto2_results/2024.01.12_noTag_Cell_15_Vinculin_cp_masks.tif' and '/users/s/m/smyersn/Vinculin/Vinculin_test_data/Vinculin_training_data_cyto2_results/2024.01.12_noTag_Cell_15_Vinculin_cp_masks.tif' are the same file
cp: '/users/s/m/smyersn/Vinculin/Vinculin_test_data/Vinculin_training_data_cyto2_results/2024.01.19_noTag_Cell_17_Vinculin.tif' and '/users/s/m/smyersn/Vinculin/Vinculin_test_data/Vinculin_training_data_cyto2_results/2024.01.19_noTag_Cell_17_Vinculin.tif' are the same file
cp: '/users/s/m/smyersn/Vinculin/Vinculin_test_data/Vinculin_training_data_cyto2_results/2024.01.19_Cterm_Cell_18_Vinculin_cp_masks.tif' and '/users/s/m/smyersn/Vinculin/Vinculin_test_data/Vinculin_training_data_cyto2_results/2024.01.19_Cterm_Cell_18_Vinculin_cp_masks.tif' are the same file
cp: '/users/s/m/smyersn/Vinculin/Vinculin_test_data/Vinculin_training_data_cyto2_results/2024.01.12_noTag_Cell_10_Vinculin_cp_masks.tif' and '/users/s/m/smyersn/Vinculin/Vinculin_test_data/Vinculin_training_data_cyto2_results/2024.01.12_noTag_Cell_10_Vinculin_cp_masks.tif' are the same file
cp: '/users/s/m/smyersn/Vinculin/Vinculin_test_data/Vinculin_training_data_cyto2_results/2024.01.19_Cterm_Cell_14_Vinculin.tif' and '/users/s/m/smyersn/Vinculin/Vinculin_test_data/Vinculin_training_data_cyto2_results/2024.01.19_Cterm_Cell_14_Vinculin.tif' are the same file
cp: '/users/s/m/smyersn/Vinculin/Vinculin_test_data/Vinculin_training_data_cyto2_results/2024.01.19_noTag_Cell_5_Vinculin_cp_masks.tif' and '/users/s/m/smyersn/Vinculin/Vinculin_test_data/Vinculin_training_data_cyto2_results/2024.01.19_noTag_Cell_5_Vinculin_cp_masks.tif' are the same file
cp: '/users/s/m/smyersn/Vinculin/Vinculin_test_data/Vinculin_training_data_cyto2_results/2024.01.12_Cterm_Cell_30_Vinculin.tif' and '/users/s/m/smyersn/Vinculin/Vinculin_test_data/Vinculin_training_data_cyto2_results/2024.01.12_Cterm_Cell_30_Vinculin.tif' are the same file
cp: '/users/s/m/smyersn/Vinculin/Vinculin_test_data/Vinculin_training_data_cyto2_results/2024.01.12_Cterm_Cell_1_Vinculin_cp_masks.tif' and '/users/s/m/smyersn/Vinculin/Vinculin_test_data/Vinculin_training_data_cyto2_results/2024.01.12_Cterm_Cell_1_Vinculin_cp_masks.tif' are the same file
cp: '/users/s/m/smyersn/Vinculin/Vinculin_test_data/Vinculin_training_data_cyto2_results/2024.01.19_noTag_Cell_1_Vinculin_cp_masks.tif' and '/users/s/m/smyersn/Vinculin/Vinculin_test_data/Vinculin_training_data_cyto2_results/2024.01.19_noTag_Cell_1_Vinculin_cp_masks.tif' are the same file
cp: '/users/s/m/smyersn/Vinculin/Vinculin_test_data/Vinculin_training_data_cyto2_results/2024.01.12_Cterm_Cell_30_Vinculin_cp_masks.tif' and '/users/s/m/smyersn/Vinculin/Vinculin_test_data/Vinculin_training_data_cyto2_results/2024.01.12_Cterm_Cell_30_Vinculin_cp_masks.tif' are the same file
cp: '/users/s/m/smyersn/Vinculin/Vinculin_test_data/Vinculin_training_data_cyto2_results/2024.01.19_1073_Cell_22_Vinculin.tif' and '/users/s/m/smyersn/Vinculin/Vinculin_test_data/Vinculin_training_data_cyto2_results/2024.01.19_1073_Cell_22_Vinculin.tif' are the same file
cp: '/users/s/m/smyersn/Vinculin/Vinculin_test_data/Vinculin_training_data_cyto2_results/2024.01.19_1073_Cell_20_Vinculin_cp_masks.tif' and '/users/s/m/smyersn/Vinculin/Vinculin_test_data/Vinculin_training_data_cyto2_results/2024.01.19_1073_Cell_20_Vinculin_cp_masks.tif' are the same file
cp: '/users/s/m/smyersn/Vinculin/Vinculin_test_data/Vinculin_training_data_cyto2_results/2024.01.12_noTag_Cell_8_Vinculin.tif' and '/users/s/m/smyersn/Vinculin/Vinculin_test_data/Vinculin_training_data_cyto2_results/2024.01.12_noTag_Cell_8_Vinculin.tif' are the same file
cp: '/users/s/m/smyersn/Vinculin/Vinculin_test_data/Vinculin_training_data_cyto2_results/2024.01.12_noTag_Cell_5_Vinculin_cp_masks.tif' and '/users/s/m/smyersn/Vinculin/Vinculin_test_data/Vinculin_training_data_cyto2_results/2024.01.12_noTag_Cell_5_Vinculin_cp_masks.tif' are the same file
cp: '/users/s/m/smyersn/Vinculin/Vinculin_test_data/Vinculin_training_data_cyto2_results/2024.01.19_Cterm_Cell_28_Vinculin_cp_masks.tif' and '/users/s/m/smyersn/Vinculin/Vinculin_test_data/Vinculin_training_data_cyto2_results/2024.01.19_Cterm_Cell_28_Vinculin_cp_masks.tif' are the same file
cp: '/users/s/m/smyersn/Vinculin/Vinculin_test_data/Vinculin_training_data_cyto2_results/2024.01.12_1073_Cell_27_Vinculin_cp_masks.tif' and '/users/s/m/smyersn/Vinculin/Vinculin_test_data/Vinculin_training_data_cyto2_results/2024.01.12_1073_Cell_27_Vinculin_cp_masks.tif' are the same file
cp: '/users/s/m/smyersn/Vinculin/Vinculin_test_data/Vinculin_training_data_cyto2_results/2024.01.12_Cterm_Cell_31_Vinculin_cp_masks.tif' and '/users/s/m/smyersn/Vinculin/Vinculin_test_data/Vinculin_training_data_cyto2_results/2024.01.12_Cterm_Cell_31_Vinculin_cp_masks.tif' are the same file
cp: '/users/s/m/smyersn/Vinculin/Vinculin_test_data/Vinculin_training_data_cyto2_results/2024.01.12_1073_Cell_26_Vinculin_cp_masks.tif' and '/users/s/m/smyersn/Vinculin/Vinculin_test_data/Vinculin_training_data_cyto2_results/2024.01.12_1073_Cell_26_Vinculin_cp_masks.tif' are the same file
cp: '/users/s/m/smyersn/Vinculin/Vinculin_test_data/Vinculin_training_data_cyto2_results/2024.01.12_Cterm_Cell_4_Vinculin.tif' and '/users/s/m/smyersn/Vinculin/Vinculin_test_data/Vinculin_training_data_cyto2_results/2024.01.12_Cterm_Cell_4_Vinculin.tif' are the same file
cp: '/users/s/m/smyersn/Vinculin/Vinculin_test_data/Vinculin_training_data_cyto2_results/2024.01.19_noTag_Cell_21_Vinculin_cp_masks.tif' and '/users/s/m/smyersn/Vinculin/Vinculin_test_data/Vinculin_training_data_cyto2_results/2024.01.19_noTag_Cell_21_Vinculin_cp_masks.tif' are the same file
cp: '/users/s/m/smyersn/Vinculin/Vinculin_test_data/Vinculin_training_data_cyto2_results/2024.01.19_noTag_Cell_8_Vinculin_cp_masks.tif' and '/users/s/m/smyersn/Vinculin/Vinculin_test_data/Vinculin_training_data_cyto2_results/2024.01.19_noTag_Cell_8_Vinculin_cp_masks.tif' are the same file
cp: '/users/s/m/smyersn/Vinculin/Vinculin_test_data/Vinculin_training_data_cyto2_results/2024.01.12_Cterm_Cell_9_Vinculin_cp_masks.tif' and '/users/s/m/smyersn/Vinculin/Vinculin_test_data/Vinculin_training_data_cyto2_results/2024.01.12_Cterm_Cell_9_Vinculin_cp_masks.tif' are the same file
cp: '/users/s/m/smyersn/Vinculin/Vinculin_test_data/Vinculin_training_data_cyto2_results/2024.01.12_Cterm_Cell_28_Vinculin_cp_masks.tif' and '/users/s/m/smyersn/Vinculin/Vinculin_test_data/Vinculin_training_data_cyto2_results/2024.01.12_Cterm_Cell_28_Vinculin_cp_masks.tif' are the same file
cp: '/users/s/m/smyersn/Vinculin/Vinculin_test_data/Vinculin_training_data_cyto2_results/2024.01.19_1073_Cell_17_Vinculin_cp_masks.tif' and '/users/s/m/smyersn/Vinculin/Vinculin_test_data/Vinculin_training_data_cyto2_results/2024.01.19_1073_Cell_17_Vinculin_cp_masks.tif' are the same file
cp: '/users/s/m/smyersn/Vinculin/Vinculin_test_data/Vinculin_training_data_cyto2_results/2024.01.19_Cterm_Cell_14_Vinculin_cp_masks.tif' and '/users/s/m/smyersn/Vinculin/Vinculin_test_data/Vinculin_training_data_cyto2_results/2024.01.19_Cterm_Cell_14_Vinculin_cp_masks.tif' are the same file
cp: '/users/s/m/smyersn/Vinculin/Vinculin_test_data/Vinculin_training_data_cyto2_results/2024.01.19_1073_Cell_10_Vinculin.tif' and '/users/s/m/smyersn/Vinculin/Vinculin_test_data/Vinculin_training_data_cyto2_results/2024.01.19_1073_Cell_10_Vinculin.tif' are the same file
cp: '/users/s/m/smyersn/Vinculin/Vinculin_test_data/Vinculin_training_data_cyto2_results/2024.01.12_Cterm_Cell_26_Vinculin_cp_masks.tif' and '/users/s/m/smyersn/Vinculin/Vinculin_test_data/Vinculin_training_data_cyto2_results/2024.01.12_Cterm_Cell_26_Vinculin_cp_masks.tif' are the same file
cp: '/users/s/m/smyersn/Vinculin/Vinculin_test_data/Vinculin_training_data_cyto2_results/2024.01.19_Cterm_Cell_7_Vinculin.tif' and '/users/s/m/smyersn/Vinculin/Vinculin_test_data/Vinculin_training_data_cyto2_results/2024.01.19_Cterm_Cell_7_Vinculin.tif' are the same file
cp: '/users/s/m/smyersn/Vinculin/Vinculin_test_data/Vinculin_training_data_cyto2_results/2024.01.12_Cterm_Cell_18_Vinculin_cp_masks.tif' and '/users/s/m/smyersn/Vinculin/Vinculin_test_data/Vinculin_training_data_cyto2_results/2024.01.12_Cterm_Cell_18_Vinculin_cp_masks.tif' are the same file
cp: '/users/s/m/smyersn/Vinculin/Vinculin_test_data/Vinculin_training_data_cyto2_results/2024.01.12_Cterm_Cell_6_Vinculin.tif' and '/users/s/m/smyersn/Vinculin/Vinculin_test_data/Vinculin_training_data_cyto2_results/2024.01.12_Cterm_Cell_6_Vinculin.tif' are the same file
cp: '/users/s/m/smyersn/Vinculin/Vinculin_test_data/Vinculin_training_data_cyto2_results/2024.01.19_Cterm_Cell_16_Vinculin_cp_masks.tif' and '/users/s/m/smyersn/Vinculin/Vinculin_test_data/Vinculin_training_data_cyto2_results/2024.01.19_Cterm_Cell_16_Vinculin_cp_masks.tif' are the same file
cp: '/users/s/m/smyersn/Vinculin/Vinculin_test_data/Vinculin_training_data_cyto2_results/2024.01.19_Cterm_Cell_26_Vinculin_cp_masks.tif' and '/users/s/m/smyersn/Vinculin/Vinculin_test_data/Vinculin_training_data_cyto2_results/2024.01.19_Cterm_Cell_26_Vinculin_cp_masks.tif' are the same file
cp: '/users/s/m/smyersn/Vinculin/Vinculin_test_data/Vinculin_training_data_cyto2_results/2024.01.12_Cterm_Cell_21_Vinculin_cp_masks.tif' and '/users/s/m/smyersn/Vinculin/Vinculin_test_data/Vinculin_training_data_cyto2_results/2024.01.12_Cterm_Cell_21_Vinculin_cp_masks.tif' are the same file
cp: '/users/s/m/smyersn/Vinculin/Vinculin_test_data/Vinculin_training_data_cyto2_results/2024.01.19_noTag_Cell_13_Vinculin.tif' and '/users/s/m/smyersn/Vinculin/Vinculin_test_data/Vinculin_training_data_cyto2_results/2024.01.19_noTag_Cell_13_Vinculin.tif' are the same file
cp: '/users/s/m/smyersn/Vinculin/Vinculin_test_data/Vinculin_training_data_cyto2_results/2024.01.12_noTag_Cell_6_Vinculin_cp_masks.tif' and '/users/s/m/smyersn/Vinculin/Vinculin_test_data/Vinculin_training_data_cyto2_results/2024.01.12_noTag_Cell_6_Vinculin_cp_masks.tif' are the same file
cp: '/users/s/m/smyersn/Vinculin/Vinculin_test_data/Vinculin_training_data_cyto2_results/2024.01.19_noTag_Cell_6_Vinculin.tif' and '/users/s/m/smyersn/Vinculin/Vinculin_test_data/Vinculin_training_data_cyto2_results/2024.01.19_noTag_Cell_6_Vinculin.tif' are the same file
cp: '/users/s/m/smyersn/Vinculin/Vinculin_test_data/Vinculin_training_data_cyto2_results/2024.01.19_Cterm_Cell_32_Vinculin.tif' and '/users/s/m/smyersn/Vinculin/Vinculin_test_data/Vinculin_training_data_cyto2_results/2024.01.19_Cterm_Cell_32_Vinculin.tif' are the same file
cp: '/users/s/m/smyersn/Vinculin/Vinculin_test_data/Vinculin_training_data_cyto2_results/2024.01.19_1073_Cell_16_Vinculin.tif' and '/users/s/m/smyersn/Vinculin/Vinculin_test_data/Vinculin_training_data_cyto2_results/2024.01.19_1073_Cell_16_Vinculin.tif' are the same file
cp: '/users/s/m/smyersn/Vinculin/Vinculin_test_data/Vinculin_training_data_cyto2_results/2024.01.19_1073_Cell_21_Vinculin.tif' and '/users/s/m/smyersn/Vinculin/Vinculin_test_data/Vinculin_training_data_cyto2_results/2024.01.19_1073_Cell_21_Vinculin.tif' are the same file
cp: '/users/s/m/smyersn/Vinculin/Vinculin_test_data/Vinculin_training_data_cyto2_results/2024.01.12_noTag_Cell_22_Vinculin_cp_masks.tif' and '/users/s/m/smyersn/Vinculin/Vinculin_test_data/Vinculin_training_data_cyto2_results/2024.01.12_noTag_Cell_22_Vinculin_cp_masks.tif' are the same file
cp: '/users/s/m/smyersn/Vinculin/Vinculin_test_data/Vinculin_training_data_cyto2_results/2024.01.19_noTag_Cell_3_Vinculin.tif' and '/users/s/m/smyersn/Vinculin/Vinculin_test_data/Vinculin_training_data_cyto2_results/2024.01.19_noTag_Cell_3_Vinculin.tif' are the same file
cp: '/users/s/m/smyersn/Vinculin/Vinculin_test_data/Vinculin_training_data_cyto2_results/2024.01.12_noTag_Cell_10_Vinculin.tif' and '/users/s/m/smyersn/Vinculin/Vinculin_test_data/Vinculin_training_data_cyto2_results/2024.01.12_noTag_Cell_10_Vinculin.tif' are the same file
cp: '/users/s/m/smyersn/Vinculin/Vinculin_test_data/Vinculin_training_data_cyto2_results/2024.01.12_noTag_Cell_16_Vinculin.tif' and '/users/s/m/smyersn/Vinculin/Vinculin_test_data/Vinculin_training_data_cyto2_results/2024.01.12_noTag_Cell_16_Vinculin.tif' are the same file
cp: '/users/s/m/smyersn/Vinculin/Vinculin_test_data/Vinculin_training_data_cyto2_results/2024.01.12_Cterm_Cell_27_Vinculin.tif' and '/users/s/m/smyersn/Vinculin/Vinculin_test_data/Vinculin_training_data_cyto2_results/2024.01.12_Cterm_Cell_27_Vinculin.tif' are the same file
cp: '/users/s/m/smyersn/Vinculin/Vinculin_test_data/Vinculin_training_data_cyto2_results/2024.01.12_Cterm_Cell_6_Vinculin_cp_masks.tif' and '/users/s/m/smyersn/Vinculin/Vinculin_test_data/Vinculin_training_data_cyto2_results/2024.01.12_Cterm_Cell_6_Vinculin_cp_masks.tif' are the same file
cp: '/users/s/m/smyersn/Vinculin/Vinculin_test_data/Vinculin_training_data_cyto2_results/2024.01.19_Cterm_Cell_19_Vinculin.tif' and '/users/s/m/smyersn/Vinculin/Vinculin_test_data/Vinculin_training_data_cyto2_results/2024.01.19_Cterm_Cell_19_Vinculin.tif' are the same file
cp: '/users/s/m/smyersn/Vinculin/Vinculin_test_data/Vinculin_training_data_cyto2_results/2024.01.12_Cterm_Cell_19_Vinculin.tif' and '/users/s/m/smyersn/Vinculin/Vinculin_test_data/Vinculin_training_data_cyto2_results/2024.01.12_Cterm_Cell_19_Vinculin.tif' are the same file
cp: '/users/s/m/smyersn/Vinculin/Vinculin_test_data/Vinculin_training_data_cyto2_results/2024.01.12_Cterm_Cell_28_Vinculin.tif' and '/users/s/m/smyersn/Vinculin/Vinculin_test_data/Vinculin_training_data_cyto2_results/2024.01.12_Cterm_Cell_28_Vinculin.tif' are the same file
cp: '/users/s/m/smyersn/Vinculin/Vinculin_test_data/Vinculin_training_data_cyto2_results/2024.01.12_noTag_Cell_20_Vinculin_cp_masks.tif' and '/users/s/m/smyersn/Vinculin/Vinculin_test_data/Vinculin_training_data_cyto2_results/2024.01.12_noTag_Cell_20_Vinculin_cp_masks.tif' are the same file
cp: '/users/s/m/smyersn/Vinculin/Vinculin_test_data/Vinculin_training_data_cyto2_results/2024.01.19_noTag_Cell_9_Vinculin_cp_masks.tif' and '/users/s/m/smyersn/Vinculin/Vinculin_test_data/Vinculin_training_data_cyto2_results/2024.01.19_noTag_Cell_9_Vinculin_cp_masks.tif' are the same file
cp: '/users/s/m/smyersn/Vinculin/Vinculin_test_data/Vinculin_training_data_cyto2_results/2024.01.19_noTag_Cell_3_Vinculin_cp_masks.tif' and '/users/s/m/smyersn/Vinculin/Vinculin_test_data/Vinculin_training_data_cyto2_results/2024.01.19_noTag_Cell_3_Vinculin_cp_masks.tif' are the same file
cp: '/users/s/m/smyersn/Vinculin/Vinculin_test_data/Vinculin_training_data_cyto2_results/2024.01.19_1073_Cell_9_Vinculin_cp_masks.tif' and '/users/s/m/smyersn/Vinculin/Vinculin_test_data/Vinculin_training_data_cyto2_results/2024.01.19_1073_Cell_9_Vinculin_cp_masks.tif' are the same file
cp: '/users/s/m/smyersn/Vinculin/Vinculin_test_data/Vinculin_training_data_cyto2_results/2024.01.12_Cterm_Cell_27_Vinculin_cp_masks.tif' and '/users/s/m/smyersn/Vinculin/Vinculin_test_data/Vinculin_training_data_cyto2_results/2024.01.12_Cterm_Cell_27_Vinculin_cp_masks.tif' are the same file
cp: '/users/s/m/smyersn/Vinculin/Vinculin_test_data/Vinculin_training_data_cyto2_results/2024.01.19_1073_Cell_13_Vinculin.tif' and '/users/s/m/smyersn/Vinculin/Vinculin_test_data/Vinculin_training_data_cyto2_results/2024.01.19_1073_Cell_13_Vinculin.tif' are the same file
cp: '/users/s/m/smyersn/Vinculin/Vinculin_test_data/Vinculin_training_data_cyto2_results/2024.01.12_noTag_Cell_2_Vinculin_cp_masks.tif' and '/users/s/m/smyersn/Vinculin/Vinculin_test_data/Vinculin_training_data_cyto2_results/2024.01.12_noTag_Cell_2_Vinculin_cp_masks.tif' are the same file
cp: '/users/s/m/smyersn/Vinculin/Vinculin_test_data/Vinculin_training_data_cyto2_results/2024.01.19_noTag_Cell_24_Vinculin.tif' and '/users/s/m/smyersn/Vinculin/Vinculin_test_data/Vinculin_training_data_cyto2_results/2024.01.19_noTag_Cell_24_Vinculin.tif' are the same file
cp: '/users/s/m/smyersn/Vinculin/Vinculin_test_data/Vinculin_training_data_cyto2_results/2024.01.19_1073_Cell_24_Vinculin.tif' and '/users/s/m/smyersn/Vinculin/Vinculin_test_data/Vinculin_training_data_cyto2_results/2024.01.19_1073_Cell_24_Vinculin.tif' are the same file
cp: '/users/s/m/smyersn/Vinculin/Vinculin_test_data/Vinculin_training_data_cyto2_results/2024.01.12_Cterm_Cell_21_Vinculin.tif' and '/users/s/m/smyersn/Vinculin/Vinculin_test_data/Vinculin_training_data_cyto2_results/2024.01.12_Cterm_Cell_21_Vinculin.tif' are the same file
cp: '/users/s/m/smyersn/Vinculin/Vinculin_test_data/Vinculin_training_data_cyto2_results/2024.01.12_Cterm_Cell_17_Vinculin_cp_masks.tif' and '/users/s/m/smyersn/Vinculin/Vinculin_test_data/Vinculin_training_data_cyto2_results/2024.01.12_Cterm_Cell_17_Vinculin_cp_masks.tif' are the same file
cp: '/users/s/m/smyersn/Vinculin/Vinculin_test_data/Vinculin_training_data_cyto2_results/2024.01.19_noTag_Cell_22_Vinculin.tif' and '/users/s/m/smyersn/Vinculin/Vinculin_test_data/Vinculin_training_data_cyto2_results/2024.01.19_noTag_Cell_22_Vinculin.tif' are the same file
cp: '/users/s/m/smyersn/Vinculin/Vinculin_test_data/Vinculin_training_data_cyto2_results/2024.01.12_Cterm_Cell_32_Vinculin_cp_masks.tif' and '/users/s/m/smyersn/Vinculin/Vinculin_test_data/Vinculin_training_data_cyto2_results/2024.01.12_Cterm_Cell_32_Vinculin_cp_masks.tif' are the same file
cp: '/users/s/m/smyersn/Vinculin/Vinculin_test_data/Vinculin_training_data_cyto2_results/2024.01.12_noTag_Cell_16_Vinculin_cp_masks.tif' and '/users/s/m/smyersn/Vinculin/Vinculin_test_data/Vinculin_training_data_cyto2_results/2024.01.12_noTag_Cell_16_Vinculin_cp_masks.tif' are the same file
cp: '/users/s/m/smyersn/Vinculin/Vinculin_test_data/Vinculin_training_data_cyto2_results/2024.01.19_1073_Cell_3_Vinculin_cp_masks.tif' and '/users/s/m/smyersn/Vinculin/Vinculin_test_data/Vinculin_training_data_cyto2_results/2024.01.19_1073_Cell_3_Vinculin_cp_masks.tif' are the same file
cp: '/users/s/m/smyersn/Vinculin/Vinculin_test_data/Vinculin_training_data_cyto2_results/2024.01.12_noTag_Cell_13_Vinculin_cp_masks.tif' and '/users/s/m/smyersn/Vinculin/Vinculin_test_data/Vinculin_training_data_cyto2_results/2024.01.12_noTag_Cell_13_Vinculin_cp_masks.tif' are the same file
cp: '/users/s/m/smyersn/Vinculin/Vinculin_test_data/Vinculin_training_data_cyto2_results/2024.01.19_1073_Cell_18_Vinculin_cp_masks.tif' and '/users/s/m/smyersn/Vinculin/Vinculin_test_data/Vinculin_training_data_cyto2_results/2024.01.19_1073_Cell_18_Vinculin_cp_masks.tif' are the same file
cp: '/users/s/m/smyersn/Vinculin/Vinculin_test_data/Vinculin_training_data_cyto2_results/2024.01.19_noTag_Cell_1_Vinculin.tif' and '/users/s/m/smyersn/Vinculin/Vinculin_test_data/Vinculin_training_data_cyto2_results/2024.01.19_noTag_Cell_1_Vinculin.tif' are the same file
cp: '/users/s/m/smyersn/Vinculin/Vinculin_test_data/Vinculin_training_data_cyto2_results/2024.01.19_Cterm_Cell_22_Vinculin.tif' and '/users/s/m/smyersn/Vinculin/Vinculin_test_data/Vinculin_training_data_cyto2_results/2024.01.19_Cterm_Cell_22_Vinculin.tif' are the same file
cp: '/users/s/m/smyersn/Vinculin/Vinculin_test_data/Vinculin_training_data_cyto2_results/2024.01.19_noTag_Cell_22_Vinculin_cp_masks.tif' and '/users/s/m/smyersn/Vinculin/Vinculin_test_data/Vinculin_training_data_cyto2_results/2024.01.19_noTag_Cell_22_Vinculin_cp_masks.tif' are the same file
cp: '/users/s/m/smyersn/Vinculin/Vinculin_test_data/Vinculin_training_data_cyto2_results/2024.01.12_Cterm_Cell_1_Vinculin.tif' and '/users/s/m/smyersn/Vinculin/Vinculin_test_data/Vinculin_training_data_cyto2_results/2024.01.12_Cterm_Cell_1_Vinculin.tif' are the same file
cp: '/users/s/m/smyersn/Vinculin/Vinculin_test_data/Vinculin_training_data_cyto2_results/2024.01.19_Cterm_Cell_29_Vinculin.tif' and '/users/s/m/smyersn/Vinculin/Vinculin_test_data/Vinculin_training_data_cyto2_results/2024.01.19_Cterm_Cell_29_Vinculin.tif' are the same file
cp: '/users/s/m/smyersn/Vinculin/Vinculin_test_data/Vinculin_training_data_cyto2_results/2024.01.19_1073_Cell_24_Vinculin_cp_masks.tif' and '/users/s/m/smyersn/Vinculin/Vinculin_test_data/Vinculin_training_data_cyto2_results/2024.01.19_1073_Cell_24_Vinculin_cp_masks.tif' are the same file
cp: '/users/s/m/smyersn/Vinculin/Vinculin_test_data/Vinculin_training_data_cyto2_results/2024.01.19_Cterm_Cell_9_Vinculin_cp_masks.tif' and '/users/s/m/smyersn/Vinculin/Vinculin_test_data/Vinculin_training_data_cyto2_results/2024.01.19_Cterm_Cell_9_Vinculin_cp_masks.tif' are the same file
cp: '/users/s/m/smyersn/Vinculin/Vinculin_test_data/Vinculin_training_data_cyto2_results/2024.01.19_Cterm_Cell_25_Vinculin.tif' and '/users/s/m/smyersn/Vinculin/Vinculin_test_data/Vinculin_training_data_cyto2_results/2024.01.19_Cterm_Cell_25_Vinculin.tif' are the same file
cp: '/users/s/m/smyersn/Vinculin/Vinculin_test_data/Vinculin_training_data_cyto2_results/2024.01.19_1073_Cell_5_Vinculin_cp_masks.tif' and '/users/s/m/smyersn/Vinculin/Vinculin_test_data/Vinculin_training_data_cyto2_results/2024.01.19_1073_Cell_5_Vinculin_cp_masks.tif' are the same file
cp: '/users/s/m/smyersn/Vinculin/Vinculin_test_data/Vinculin_training_data_cyto2_results/2024.01.19_noTag_Cell_17_Vinculin_cp_masks.tif' and '/users/s/m/smyersn/Vinculin/Vinculin_test_data/Vinculin_training_data_cyto2_results/2024.01.19_noTag_Cell_17_Vinculin_cp_masks.tif' are the same file
cp: '/users/s/m/smyersn/Vinculin/Vinculin_test_data/Vinculin_training_data_cyto2_results/2024.01.12_Cterm_Cell_3_Vinculin_cp_masks.tif' and '/users/s/m/smyersn/Vinculin/Vinculin_test_data/Vinculin_training_data_cyto2_results/2024.01.12_Cterm_Cell_3_Vinculin_cp_masks.tif' are the same file
cp: '/users/s/m/smyersn/Vinculin/Vinculin_test_data/Vinculin_training_data_cyto2_results/2024.01.12_Cterm_Cell_32_Vinculin.tif' and '/users/s/m/smyersn/Vinculin/Vinculin_test_data/Vinculin_training_data_cyto2_results/2024.01.12_Cterm_Cell_32_Vinculin.tif' are the same file
cp: '/users/s/m/smyersn/Vinculin/Vinculin_test_data/Vinculin_training_data_cyto2_results/2024.01.19_Cterm_Cell_5_Vinculin_cp_masks.tif' and '/users/s/m/smyersn/Vinculin/Vinculin_test_data/Vinculin_training_data_cyto2_results/2024.01.19_Cterm_Cell_5_Vinculin_cp_masks.tif' are the same file
cp: '/users/s/m/smyersn/Vinculin/Vinculin_test_data/Vinculin_training_data_cyto2_results/2024.01.12_Cterm_Cell_12_Vinculin_cp_masks.tif' and '/users/s/m/smyersn/Vinculin/Vinculin_test_data/Vinculin_training_data_cyto2_results/2024.01.12_Cterm_Cell_12_Vinculin_cp_masks.tif' are the same file
cp: '/users/s/m/smyersn/Vinculin/Vinculin_test_data/Vinculin_training_data_cyto2_results/2024.01.12_Cterm_Cell_24_Vinculin.tif' and '/users/s/m/smyersn/Vinculin/Vinculin_test_data/Vinculin_training_data_cyto2_results/2024.01.12_Cterm_Cell_24_Vinculin.tif' are the same file
cp: '/users/s/m/smyersn/Vinculin/Vinculin_test_data/Vinculin_training_data_cyto2_results/2024.01.19_noTag_Cell_11_Vinculin.tif' and '/users/s/m/smyersn/Vinculin/Vinculin_test_data/Vinculin_training_data_cyto2_results/2024.01.19_noTag_Cell_11_Vinculin.tif' are the same file
cp: '/users/s/m/smyersn/Vinculin/Vinculin_test_data/Vinculin_training_data_cyto2_results/2024.01.19_Cterm_Cell_11_Vinculin_cp_masks.tif' and '/users/s/m/smyersn/Vinculin/Vinculin_test_data/Vinculin_training_data_cyto2_results/2024.01.19_Cterm_Cell_11_Vinculin_cp_masks.tif' are the same file
cp: '/users/s/m/smyersn/Vinculin/Vinculin_test_data/Vinculin_training_data_cyto2_results/2024.01.12_noTag_Cell_8_Vinculin_cp_masks.tif' and '/users/s/m/smyersn/Vinculin/Vinculin_test_data/Vinculin_training_data_cyto2_results/2024.01.12_noTag_Cell_8_Vinculin_cp_masks.tif' are the same file
cp: '/users/s/m/smyersn/Vinculin/Vinculin_test_data/Vinculin_training_data_cyto2_results/2024.01.19_Cterm_Cell_19_Vinculin_cp_masks.tif' and '/users/s/m/smyersn/Vinculin/Vinculin_test_data/Vinculin_training_data_cyto2_results/2024.01.19_Cterm_Cell_19_Vinculin_cp_masks.tif' are the same file
cp: '/users/s/m/smyersn/Vinculin/Vinculin_test_data/Vinculin_training_data_cyto2_results/2024.01.12_noTag_Cell_12_Vinculin.tif' and '/users/s/m/smyersn/Vinculin/Vinculin_test_data/Vinculin_training_data_cyto2_results/2024.01.12_noTag_Cell_12_Vinculin.tif' are the same file
cp: '/users/s/m/smyersn/Vinculin/Vinculin_test_data/Vinculin_training_data_cyto2_results/2024.01.19_Cterm_Cell_5_Vinculin.tif' and '/users/s/m/smyersn/Vinculin/Vinculin_test_data/Vinculin_training_data_cyto2_results/2024.01.19_Cterm_Cell_5_Vinculin.tif' are the same file
cp: '/users/s/m/smyersn/Vinculin/Vinculin_test_data/Vinculin_training_data_cyto2_results/2024.01.19_noTag_Cell_12_Vinculin.tif' and '/users/s/m/smyersn/Vinculin/Vinculin_test_data/Vinculin_training_data_cyto2_results/2024.01.19_noTag_Cell_12_Vinculin.tif' are the same file
cp: '/users/s/m/smyersn/Vinculin/Vinculin_test_data/Vinculin_training_data_cyto2_results/2024.01.19_Cterm_Cell_12_Vinculin.tif' and '/users/s/m/smyersn/Vinculin/Vinculin_test_data/Vinculin_training_data_cyto2_results/2024.01.19_Cterm_Cell_12_Vinculin.tif' are the same file
cp: '/users/s/m/smyersn/Vinculin/Vinculin_test_data/Vinculin_training_data_cyto2_results/2024.01.12_noTag_Cell_21_Vinculin_cp_masks.tif' and '/users/s/m/smyersn/Vinculin/Vinculin_test_data/Vinculin_training_data_cyto2_results/2024.01.12_noTag_Cell_21_Vinculin_cp_masks.tif' are the same file
cp: '/users/s/m/smyersn/Vinculin/Vinculin_test_data/Vinculin_training_data_cyto2_results/2024.01.19_Cterm_Cell_26_Vinculin.tif' and '/users/s/m/smyersn/Vinculin/Vinculin_test_data/Vinculin_training_data_cyto2_results/2024.01.19_Cterm_Cell_26_Vinculin.tif' are the same file
cp: '/users/s/m/smyersn/Vinculin/Vinculin_test_data/Vinculin_training_data_cyto2_results/2024.01.12_1073_Cell_28_Vinculin_cp_masks.tif' and '/users/s/m/smyersn/Vinculin/Vinculin_test_data/Vinculin_training_data_cyto2_results/2024.01.12_1073_Cell_28_Vinculin_cp_masks.tif' are the same file
cp: '/users/s/m/smyersn/Vinculin/Vinculin_test_data/Vinculin_training_data_cyto2_results/2024.01.19_noTag_Cell_14_Vinculin.tif' and '/users/s/m/smyersn/Vinculin/Vinculin_test_data/Vinculin_training_data_cyto2_results/2024.01.19_noTag_Cell_14_Vinculin.tif' are the same file
cp: '/users/s/m/smyersn/Vinculin/Vinculin_test_data/Vinculin_training_data_cyto2_results/2024.01.12_Cterm_Cell_22_Vinculin.tif' and '/users/s/m/smyersn/Vinculin/Vinculin_test_data/Vinculin_training_data_cyto2_results/2024.01.12_Cterm_Cell_22_Vinculin.tif' are the same file
cp: '/users/s/m/smyersn/Vinculin/Vinculin_test_data/Vinculin_training_data_cyto2_results/2024.01.12_Cterm_Cell_18_Vinculin.tif' and '/users/s/m/smyersn/Vinculin/Vinculin_test_data/Vinculin_training_data_cyto2_results/2024.01.12_Cterm_Cell_18_Vinculin.tif' are the same file
cp: '/users/s/m/smyersn/Vinculin/Vinculin_test_data/Vinculin_training_data_cyto2_results/2024.01.12_Cterm_Cell_8_Vinculin_cp_masks.tif' and '/users/s/m/smyersn/Vinculin/Vinculin_test_data/Vinculin_training_data_cyto2_results/2024.01.12_Cterm_Cell_8_Vinculin_cp_masks.tif' are the same file
cp: '/users/s/m/smyersn/Vinculin/Vinculin_test_data/Vinculin_training_data_cyto2_results/2024.01.12_1073_Cell_26_Vinculin.tif' and '/users/s/m/smyersn/Vinculin/Vinculin_test_data/Vinculin_training_data_cyto2_results/2024.01.12_1073_Cell_26_Vinculin.tif' are the same file
cp: '/users/s/m/smyersn/Vinculin/Vinculin_test_data/Vinculin_training_data_cyto2_results/2024.01.19_1073_Cell_3_Vinculin.tif' and '/users/s/m/smyersn/Vinculin/Vinculin_test_data/Vinculin_training_data_cyto2_results/2024.01.19_1073_Cell_3_Vinculin.tif' are the same file
cp: '/users/s/m/smyersn/Vinculin/Vinculin_test_data/Vinculin_training_data_cyto2_results/2024.01.12_noTag_Cell_15_Vinculin.tif' and '/users/s/m/smyersn/Vinculin/Vinculin_test_data/Vinculin_training_data_cyto2_results/2024.01.12_noTag_Cell_15_Vinculin.tif' are the same file
cp: '/users/s/m/smyersn/Vinculin/Vinculin_test_data/Vinculin_training_data_cyto2_results/2024.01.19_noTag_Cell_21_Vinculin.tif' and '/users/s/m/smyersn/Vinculin/Vinculin_test_data/Vinculin_training_data_cyto2_results/2024.01.19_noTag_Cell_21_Vinculin.tif' are the same file
cp: '/users/s/m/smyersn/Vinculin/Vinculin_test_data/Vinculin_training_data_cyto2_results/2024.01.19_Cterm_Cell_31_Vinculin.tif' and '/users/s/m/smyersn/Vinculin/Vinculin_test_data/Vinculin_training_data_cyto2_results/2024.01.19_Cterm_Cell_31_Vinculin.tif' are the same file
cp: '/users/s/m/smyersn/Vinculin/Vinculin_test_data/Vinculin_training_data_cyto2_results/2024.01.19_1073_Cell_13_Vinculin_cp_masks.tif' and '/users/s/m/smyersn/Vinculin/Vinculin_test_data/Vinculin_training_data_cyto2_results/2024.01.19_1073_Cell_13_Vinculin_cp_masks.tif' are the same file
cp: '/users/s/m/smyersn/Vinculin/Vinculin_test_data/Vinculin_training_data_cyto2_results/2024.01.19_Cterm_Cell_30_Vinculin_cp_masks.tif' and '/users/s/m/smyersn/Vinculin/Vinculin_test_data/Vinculin_training_data_cyto2_results/2024.01.19_Cterm_Cell_30_Vinculin_cp_masks.tif' are the same file
cp: '/users/s/m/smyersn/Vinculin/Vinculin_test_data/Vinculin_training_data_cyto2_results/2024.01.19_Cterm_Cell_30_Vinculin.tif' and '/users/s/m/smyersn/Vinculin/Vinculin_test_data/Vinculin_training_data_cyto2_results/2024.01.19_Cterm_Cell_30_Vinculin.tif' are the same file
cp: '/users/s/m/smyersn/Vinculin/Vinculin_test_data/Vinculin_training_data_cyto2_results/2024.01.19_1073_Cell_14_Vinculin_cp_masks.tif' and '/users/s/m/smyersn/Vinculin/Vinculin_test_data/Vinculin_training_data_cyto2_results/2024.01.19_1073_Cell_14_Vinculin_cp_masks.tif' are the same file
cp: '/users/s/m/smyersn/Vinculin/Vinculin_test_data/Vinculin_training_data_cyto2_results/2024.01.12_noTag_Cell_13_Vinculin.tif' and '/users/s/m/smyersn/Vinculin/Vinculin_test_data/Vinculin_training_data_cyto2_results/2024.01.12_noTag_Cell_13_Vinculin.tif' are the same file
cp: '/users/s/m/smyersn/Vinculin/Vinculin_test_data/Vinculin_training_data_cyto2_results/2024.01.19_1073_Cell_9_Vinculin.tif' and '/users/s/m/smyersn/Vinculin/Vinculin_test_data/Vinculin_training_data_cyto2_results/2024.01.19_1073_Cell_9_Vinculin.tif' are the same file
cp: '/users/s/m/smyersn/Vinculin/Vinculin_test_data/Vinculin_training_data_cyto2_results/2024.01.19_Cterm_Cell_15_Vinculin_cp_masks.tif' and '/users/s/m/smyersn/Vinculin/Vinculin_test_data/Vinculin_training_data_cyto2_results/2024.01.19_Cterm_Cell_15_Vinculin_cp_masks.tif' are the same file
cp: '/users/s/m/smyersn/Vinculin/Vinculin_test_data/Vinculin_training_data_cyto2_results/2024.01.12_noTag_Cell_9_Vinculin.tif' and '/users/s/m/smyersn/Vinculin/Vinculin_test_data/Vinculin_training_data_cyto2_results/2024.01.12_noTag_Cell_9_Vinculin.tif' are the same file
cp: '/users/s/m/smyersn/Vinculin/Vinculin_test_data/Vinculin_training_data_cyto2_results/2024.01.19_Cterm_Cell_20_Vinculin_cp_masks.tif' and '/users/s/m/smyersn/Vinculin/Vinculin_test_data/Vinculin_training_data_cyto2_results/2024.01.19_Cterm_Cell_20_Vinculin_cp_masks.tif' are the same file
cp: '/users/s/m/smyersn/Vinculin/Vinculin_test_data/Vinculin_training_data_cyto2_results/2024.01.19_1073_Cell_18_Vinculin.tif' and '/users/s/m/smyersn/Vinculin/Vinculin_test_data/Vinculin_training_data_cyto2_results/2024.01.19_1073_Cell_18_Vinculin.tif' are the same file
cp: '/users/s/m/smyersn/Vinculin/Vinculin_test_data/Vinculin_training_data_cyto2_results/2024.01.19_1073_Cell_20_Vinculin.tif' and '/users/s/m/smyersn/Vinculin/Vinculin_test_data/Vinculin_training_data_cyto2_results/2024.01.19_1073_Cell_20_Vinculin.tif' are the same file
cp: '/users/s/m/smyersn/Vinculin/Vinculin_test_data/Vinculin_training_data_cyto2_results/2024.01.12_1073_Cell_25_Vinculin.tif' and '/users/s/m/smyersn/Vinculin/Vinculin_test_data/Vinculin_training_data_cyto2_results/2024.01.12_1073_Cell_25_Vinculin.tif' are the same file
cp: '/users/s/m/smyersn/Vinculin/Vinculin_test_data/Vinculin_training_data_cyto2_results/2024.01.19_noTag_Cell_23_Vinculin_cp_masks.tif' and '/users/s/m/smyersn/Vinculin/Vinculin_test_data/Vinculin_training_data_cyto2_results/2024.01.19_noTag_Cell_23_Vinculin_cp_masks.tif' are the same file
cp: '/users/s/m/smyersn/Vinculin/Vinculin_test_data/Vinculin_training_data_cyto2_results/2024.01.19_1073_Cell_14_Vinculin.tif' and '/users/s/m/smyersn/Vinculin/Vinculin_test_data/Vinculin_training_data_cyto2_results/2024.01.19_1073_Cell_14_Vinculin.tif' are the same file
cp: '/users/s/m/smyersn/Vinculin/Vinculin_test_data/Vinculin_training_data_cyto2_results/2024.01.12_Cterm_Cell_23_Vinculin.tif' and '/users/s/m/smyersn/Vinculin/Vinculin_test_data/Vinculin_training_data_cyto2_results/2024.01.12_Cterm_Cell_23_Vinculin.tif' are the same file
cp: '/users/s/m/smyersn/Vinculin/Vinculin_test_data/Vinculin_training_data_cyto2_results/2024.01.19_noTag_Cell_12_Vinculin_cp_masks.tif' and '/users/s/m/smyersn/Vinculin/Vinculin_test_data/Vinculin_training_data_cyto2_results/2024.01.19_noTag_Cell_12_Vinculin_cp_masks.tif' are the same file
cp: '/users/s/m/smyersn/Vinculin/Vinculin_test_data/Vinculin_training_data_cyto2_results/2024.01.12_noTag_Cell_14_Vinculin.tif' and '/users/s/m/smyersn/Vinculin/Vinculin_test_data/Vinculin_training_data_cyto2_results/2024.01.12_noTag_Cell_14_Vinculin.tif' are the same file
cp: '/users/s/m/smyersn/Vinculin/Vinculin_test_data/Vinculin_training_data_cyto2_results/2024.01.19_Cterm_Cell_7_Vinculin_cp_masks.tif' and '/users/s/m/smyersn/Vinculin/Vinculin_test_data/Vinculin_training_data_cyto2_results/2024.01.19_Cterm_Cell_7_Vinculin_cp_masks.tif' are the same file
cp: '/users/s/m/smyersn/Vinculin/Vinculin_test_data/Vinculin_training_data_cyto2_results/2024.01.19_1073_Cell_11_Vinculin_cp_masks.tif' and '/users/s/m/smyersn/Vinculin/Vinculin_test_data/Vinculin_training_data_cyto2_results/2024.01.19_1073_Cell_11_Vinculin_cp_masks.tif' are the same file
cp: '/users/s/m/smyersn/Vinculin/Vinculin_test_data/Vinculin_training_data_cyto2_results/2024.01.19_noTag_Cell_5_Vinculin.tif' and '/users/s/m/smyersn/Vinculin/Vinculin_test_data/Vinculin_training_data_cyto2_results/2024.01.19_noTag_Cell_5_Vinculin.tif' are the same file
cp: '/users/s/m/smyersn/Vinculin/Vinculin_test_data/Vinculin_training_data_cyto2_results/2024.01.12_noTag_Cell_9_Vinculin_cp_masks.tif' and '/users/s/m/smyersn/Vinculin/Vinculin_test_data/Vinculin_training_data_cyto2_results/2024.01.12_noTag_Cell_9_Vinculin_cp_masks.tif' are the same file
cp: '/users/s/m/smyersn/Vinculin/Vinculin_test_data/Vinculin_training_data_cyto2_results/2024.01.12_Cterm_Cell_23_Vinculin_cp_masks.tif' and '/users/s/m/smyersn/Vinculin/Vinculin_test_data/Vinculin_training_data_cyto2_results/2024.01.12_Cterm_Cell_23_Vinculin_cp_masks.tif' are the same file
cp: '/users/s/m/smyersn/Vinculin/Vinculin_test_data/Vinculin_training_data_cyto2_results/2024.01.19_noTag_Cell_8_Vinculin.tif' and '/users/s/m/smyersn/Vinculin/Vinculin_test_data/Vinculin_training_data_cyto2_results/2024.01.19_noTag_Cell_8_Vinculin.tif' are the same file
cp: '/users/s/m/smyersn/Vinculin/Vinculin_test_data/Vinculin_training_data_cyto2_results/2024.01.19_noTag_Cell_19_Vinculin.tif' and '/users/s/m/smyersn/Vinculin/Vinculin_test_data/Vinculin_training_data_cyto2_results/2024.01.19_noTag_Cell_19_Vinculin.tif' are the same file
cp: '/users/s/m/smyersn/Vinculin/Vinculin_test_data/Vinculin_training_data_cyto2_results/2024.01.12_Cterm_Cell_31_Vinculin.tif' and '/users/s/m/smyersn/Vinculin/Vinculin_test_data/Vinculin_training_data_cyto2_results/2024.01.12_Cterm_Cell_31_Vinculin.tif' are the same file
cp: '/users/s/m/smyersn/Vinculin/Vinculin_test_data/Vinculin_training_data_cyto2_results/2024.01.19_noTag_Cell_7_Vinculin.tif' and '/users/s/m/smyersn/Vinculin/Vinculin_test_data/Vinculin_training_data_cyto2_results/2024.01.19_noTag_Cell_7_Vinculin.tif' are the same file
cp: '/users/s/m/smyersn/Vinculin/Vinculin_test_data/Vinculin_training_data_cyto2_results/2024.01.19_Cterm_Cell_2_Vinculin_cp_masks.tif' and '/users/s/m/smyersn/Vinculin/Vinculin_test_data/Vinculin_training_data_cyto2_results/2024.01.19_Cterm_Cell_2_Vinculin_cp_masks.tif' are the same file
cp: '/users/s/m/smyersn/Vinculin/Vinculin_test_data/Vinculin_training_data_cyto2_results/2024.01.12_1073_Cell_27_Vinculin.tif' and '/users/s/m/smyersn/Vinculin/Vinculin_test_data/Vinculin_training_data_cyto2_results/2024.01.12_1073_Cell_27_Vinculin.tif' are the same file
cp: '/users/s/m/smyersn/Vinculin/Vinculin_test_data/Vinculin_training_data_cyto2_results/2024.01.19_Cterm_Cell_3_Vinculin_cp_masks.tif' and '/users/s/m/smyersn/Vinculin/Vinculin_test_data/Vinculin_training_data_cyto2_results/2024.01.19_Cterm_Cell_3_Vinculin_cp_masks.tif' are the same file
cp: '/users/s/m/smyersn/Vinculin/Vinculin_test_data/Vinculin_training_data_cyto2_results/2024.01.12_Cterm_Cell_5_Vinculin_cp_masks.tif' and '/users/s/m/smyersn/Vinculin/Vinculin_test_data/Vinculin_training_data_cyto2_results/2024.01.12_Cterm_Cell_5_Vinculin_cp_masks.tif' are the same file
cp: '/users/s/m/smyersn/Vinculin/Vinculin_test_data/Vinculin_training_data_cyto2_results/2024.01.12_Cterm_Cell_20_Vinculin_cp_masks.tif' and '/users/s/m/smyersn/Vinculin/Vinculin_test_data/Vinculin_training_data_cyto2_results/2024.01.12_Cterm_Cell_20_Vinculin_cp_masks.tif' are the same file
cp: '/users/s/m/smyersn/Vinculin/Vinculin_test_data/Vinculin_training_data_cyto2_results/2024.01.19_1073_Cell_17_Vinculin.tif' and '/users/s/m/smyersn/Vinculin/Vinculin_test_data/Vinculin_training_data_cyto2_results/2024.01.19_1073_Cell_17_Vinculin.tif' are the same file
cp: '/users/s/m/smyersn/Vinculin/Vinculin_test_data/Vinculin_training_data_cyto2_results/2024.01.19_Cterm_Cell_27_Vinculin_cp_masks.tif' and '/users/s/m/smyersn/Vinculin/Vinculin_test_data/Vinculin_training_data_cyto2_results/2024.01.19_Cterm_Cell_27_Vinculin_cp_masks.tif' are the same file
cp: '/users/s/m/smyersn/Vinculin/Vinculin_test_data/Vinculin_training_data_cyto2_results/2024.01.12_Cterm_Cell_2_Vinculin.tif' and '/users/s/m/smyersn/Vinculin/Vinculin_test_data/Vinculin_training_data_cyto2_results/2024.01.12_Cterm_Cell_2_Vinculin.tif' are the same file
cp: '/users/s/m/smyersn/Vinculin/Vinculin_test_data/Vinculin_training_data_cyto2_results/2024.01.19_1073_Cell_26_Vinculin_cp_masks.tif' and '/users/s/m/smyersn/Vinculin/Vinculin_test_data/Vinculin_training_data_cyto2_results/2024.01.19_1073_Cell_26_Vinculin_cp_masks.tif' are the same file
cp: '/users/s/m/smyersn/Vinculin/Vinculin_test_data/Vinculin_training_data_cyto2_results/2024.01.19_Cterm_Cell_17_Vinculin.tif' and '/users/s/m/smyersn/Vinculin/Vinculin_test_data/Vinculin_training_data_cyto2_results/2024.01.19_Cterm_Cell_17_Vinculin.tif' are the same file
cp: '/users/s/m/smyersn/Vinculin/Vinculin_test_data/Vinculin_training_data_cyto2_results/2024.01.19_Cterm_Cell_17_Vinculin_cp_masks.tif' and '/users/s/m/smyersn/Vinculin/Vinculin_test_data/Vinculin_training_data_cyto2_results/2024.01.19_Cterm_Cell_17_Vinculin_cp_masks.tif' are the same file
cp: '/users/s/m/smyersn/Vinculin/Vinculin_test_data/Vinculin_training_data_cyto2_results/2024.01.12_noTag_Cell_21_Vinculin.tif' and '/users/s/m/smyersn/Vinculin/Vinculin_test_data/Vinculin_training_data_cyto2_results/2024.01.12_noTag_Cell_21_Vinculin.tif' are the same file
cp: '/users/s/m/smyersn/Vinculin/Vinculin_test_data/Vinculin_training_data_cyto2_results/2024.01.19_noTag_Cell_18_Vinculin.tif' and '/users/s/m/smyersn/Vinculin/Vinculin_test_data/Vinculin_training_data_cyto2_results/2024.01.19_noTag_Cell_18_Vinculin.tif' are the same file
cp: '/users/s/m/smyersn/Vinculin/Vinculin_test_data/Vinculin_training_data_cyto2_results/2024.01.12_noTag_Cell_1_Vinculin_cp_masks.tif' and '/users/s/m/smyersn/Vinculin/Vinculin_test_data/Vinculin_training_data_cyto2_results/2024.01.12_noTag_Cell_1_Vinculin_cp_masks.tif' are the same file
cp: '/users/s/m/smyersn/Vinculin/Vinculin_test_data/Vinculin_training_data_cyto2_results/2024.01.12_noTag_Cell_11_Vinculin_cp_masks.tif' and '/users/s/m/smyersn/Vinculin/Vinculin_test_data/Vinculin_training_data_cyto2_results/2024.01.12_noTag_Cell_11_Vinculin_cp_masks.tif' are the same file
cp: '/users/s/m/smyersn/Vinculin/Vinculin_test_data/Vinculin_training_data_cyto2_results/2024.01.12_noTag_Cell_14_Vinculin_cp_masks.tif' and '/users/s/m/smyersn/Vinculin/Vinculin_test_data/Vinculin_training_data_cyto2_results/2024.01.12_noTag_Cell_14_Vinculin_cp_masks.tif' are the same file
cp: '/users/s/m/smyersn/Vinculin/Vinculin_test_data/Vinculin_training_data_cyto2_results/2024.01.12_Cterm_Cell_10_Vinculin_cp_masks.tif' and '/users/s/m/smyersn/Vinculin/Vinculin_test_data/Vinculin_training_data_cyto2_results/2024.01.12_Cterm_Cell_10_Vinculin_cp_masks.tif' are the same file
cp: '/users/s/m/smyersn/Vinculin/Vinculin_test_data/Vinculin_training_data_cyto2_results/2024.01.19_noTag_Cell_24_Vinculin_cp_masks.tif' and '/users/s/m/smyersn/Vinculin/Vinculin_test_data/Vinculin_training_data_cyto2_results/2024.01.19_noTag_Cell_24_Vinculin_cp_masks.tif' are the same file
cp: '/users/s/m/smyersn/Vinculin/Vinculin_test_data/Vinculin_training_data_cyto2_results/2024.01.19_Cterm_Cell_22_Vinculin_cp_masks.tif' and '/users/s/m/smyersn/Vinculin/Vinculin_test_data/Vinculin_training_data_cyto2_results/2024.01.19_Cterm_Cell_22_Vinculin_cp_masks.tif' are the same file
cp: '/users/s/m/smyersn/Vinculin/Vinculin_test_data/Vinculin_training_data_cyto2_results/2024.01.19_noTag_Cell_4_Vinculin_cp_masks.tif' and '/users/s/m/smyersn/Vinculin/Vinculin_test_data/Vinculin_training_data_cyto2_results/2024.01.19_noTag_Cell_4_Vinculin_cp_masks.tif' are the same file
cp: '/users/s/m/smyersn/Vinculin/Vinculin_test_data/Vinculin_training_data_cyto2_results/2024.01.12_noTag_Cell_11_Vinculin.tif' and '/users/s/m/smyersn/Vinculin/Vinculin_test_data/Vinculin_training_data_cyto2_results/2024.01.12_noTag_Cell_11_Vinculin.tif' are the same file
cp: '/users/s/m/smyersn/Vinculin/Vinculin_test_data/Vinculin_training_data_cyto2_results/2024.01.12_Cterm_Cell_11_Vinculin.tif' and '/users/s/m/smyersn/Vinculin/Vinculin_test_data/Vinculin_training_data_cyto2_results/2024.01.12_Cterm_Cell_11_Vinculin.tif' are the same file
cp: '/users/s/m/smyersn/Vinculin/Vinculin_test_data/Vinculin_training_data_cyto2_results/2024.01.19_noTag_Cell_6_Vinculin_cp_masks.tif' and '/users/s/m/smyersn/Vinculin/Vinculin_test_data/Vinculin_training_data_cyto2_results/2024.01.19_noTag_Cell_6_Vinculin_cp_masks.tif' are the same file
cp: '/users/s/m/smyersn/Vinculin/Vinculin_test_data/Vinculin_training_data_cyto2_results/2024.01.19_noTag_Cell_13_Vinculin_cp_masks.tif' and '/users/s/m/smyersn/Vinculin/Vinculin_test_data/Vinculin_training_data_cyto2_results/2024.01.19_noTag_Cell_13_Vinculin_cp_masks.tif' are the same file
cp: '/users/s/m/smyersn/Vinculin/Vinculin_test_data/Vinculin_training_data_cyto2_results/2024.01.19_1073_Cell_6_Vinculin_cp_masks.tif' and '/users/s/m/smyersn/Vinculin/Vinculin_test_data/Vinculin_training_data_cyto2_results/2024.01.19_1073_Cell_6_Vinculin_cp_masks.tif' are the same file
cp: '/users/s/m/smyersn/Vinculin/Vinculin_test_data/Vinculin_training_data_cyto2_results/2024.01.12_Cterm_Cell_3_Vinculin.tif' and '/users/s/m/smyersn/Vinculin/Vinculin_test_data/Vinculin_training_data_cyto2_results/2024.01.12_Cterm_Cell_3_Vinculin.tif' are the same file
cp: '/users/s/m/smyersn/Vinculin/Vinculin_test_data/Vinculin_training_data_cyto2_results/2024.01.19_noTag_Cell_4_Vinculin.tif' and '/users/s/m/smyersn/Vinculin/Vinculin_test_data/Vinculin_training_data_cyto2_results/2024.01.19_noTag_Cell_4_Vinculin.tif' are the same file
cp: '/users/s/m/smyersn/Vinculin/Vinculin_test_data/Vinculin_training_data_cyto2_results/2024.01.19_1073_Cell_5_Vinculin.tif' and '/users/s/m/smyersn/Vinculin/Vinculin_test_data/Vinculin_training_data_cyto2_results/2024.01.19_1073_Cell_5_Vinculin.tif' are the same file
cp: '/users/s/m/smyersn/Vinculin/Vinculin_test_data/Vinculin_training_data_cyto2_results/2024.01.19_1073_Cell_25_Vinculin.tif' and '/users/s/m/smyersn/Vinculin/Vinculin_test_data/Vinculin_training_data_cyto2_results/2024.01.19_1073_Cell_25_Vinculin.tif' are the same file
cp: '/users/s/m/smyersn/Vinculin/Vinculin_test_data/Vinculin_training_data_cyto2_results/2024.01.19_noTag_Cell_19_Vinculin_cp_masks.tif' and '/users/s/m/smyersn/Vinculin/Vinculin_test_data/Vinculin_training_data_cyto2_results/2024.01.19_noTag_Cell_19_Vinculin_cp_masks.tif' are the same file
cp: '/users/s/m/smyersn/Vinculin/Vinculin_test_data/Vinculin_training_data_cyto2_results/2024.01.19_Cterm_Cell_16_Vinculin.tif' and '/users/s/m/smyersn/Vinculin/Vinculin_test_data/Vinculin_training_data_cyto2_results/2024.01.19_Cterm_Cell_16_Vinculin.tif' are the same file
cp: '/users/s/m/smyersn/Vinculin/Vinculin_test_data/Vinculin_training_data_cyto2_results/2024.01.12_noTag_Cell_18_Vinculin_cp_masks.tif' and '/users/s/m/smyersn/Vinculin/Vinculin_test_data/Vinculin_training_data_cyto2_results/2024.01.12_noTag_Cell_18_Vinculin_cp_masks.tif' are the same file
cp: '/users/s/m/smyersn/Vinculin/Vinculin_test_data/Vinculin_training_data_cyto2_results/2024.01.19_1073_Cell_22_Vinculin_cp_masks.tif' and '/users/s/m/smyersn/Vinculin/Vinculin_test_data/Vinculin_training_data_cyto2_results/2024.01.19_1073_Cell_22_Vinculin_cp_masks.tif' are the same file
cp: '/users/s/m/smyersn/Vinculin/Vinculin_test_data/Vinculin_training_data_cyto2_results/2024.01.19_noTag_Cell_9_Vinculin.tif' and '/users/s/m/smyersn/Vinculin/Vinculin_test_data/Vinculin_training_data_cyto2_results/2024.01.19_noTag_Cell_9_Vinculin.tif' are the same file
cp: '/users/s/m/smyersn/Vinculin/Vinculin_test_data/Vinculin_training_data_cyto2_results/2024.01.19_1073_Cell_7_Vinculin_cp_masks.tif' and '/users/s/m/smyersn/Vinculin/Vinculin_test_data/Vinculin_training_data_cyto2_results/2024.01.19_1073_Cell_7_Vinculin_cp_masks.tif' are the same file
cp: '/users/s/m/smyersn/Vinculin/Vinculin_test_data/Vinculin_training_data_cyto2_results/2024.01.12_noTag_Cell_23_Vinculin_cp_masks.tif' and '/users/s/m/smyersn/Vinculin/Vinculin_test_data/Vinculin_training_data_cyto2_results/2024.01.12_noTag_Cell_23_Vinculin_cp_masks.tif' are the same file
cp: '/users/s/m/smyersn/Vinculin/Vinculin_test_data/Vinculin_training_data_cyto2_results/2024.01.19_Cterm_Cell_1_Vinculin.tif' and '/users/s/m/smyersn/Vinculin/Vinculin_test_data/Vinculin_training_data_cyto2_results/2024.01.19_Cterm_Cell_1_Vinculin.tif' are the same file
cp: '/users/s/m/smyersn/Vinculin/Vinculin_test_data/Vinculin_training_data_cyto2_results/2024.01.19_1073_Cell_21_Vinculin_cp_masks.tif' and '/users/s/m/smyersn/Vinculin/Vinculin_test_data/Vinculin_training_data_cyto2_results/2024.01.19_1073_Cell_21_Vinculin_cp_masks.tif' are the same file
cp: '/users/s/m/smyersn/Vinculin/Vinculin_test_data/Vinculin_training_data_cyto2_results/2024.01.19_Cterm_Cell_9_Vinculin.tif' and '/users/s/m/smyersn/Vinculin/Vinculin_test_data/Vinculin_training_data_cyto2_results/2024.01.19_Cterm_Cell_9_Vinculin.tif' are the same file
cp: '/users/s/m/smyersn/Vinculin/Vinculin_test_data/Vinculin_training_data_cyto2_results/2024.01.12_noTag_Cell_1_Vinculin.tif' and '/users/s/m/smyersn/Vinculin/Vinculin_test_data/Vinculin_training_data_cyto2_results/2024.01.12_noTag_Cell_1_Vinculin.tif' are the same file
cp: '/users/s/m/smyersn/Vinculin/Vinculin_test_data/Vinculin_training_data_cyto2_results/2024.01.19_noTag_Cell_14_Vinculin_cp_masks.tif' and '/users/s/m/smyersn/Vinculin/Vinculin_test_data/Vinculin_training_data_cyto2_results/2024.01.19_noTag_Cell_14_Vinculin_cp_masks.tif' are the same file
cp: '/users/s/m/smyersn/Vinculin/Vinculin_test_data/Vinculin_training_data_cyto2_results/2024.01.19_Cterm_Cell_11_Vinculin.tif' and '/users/s/m/smyersn/Vinculin/Vinculin_test_data/Vinculin_training_data_cyto2_results/2024.01.19_Cterm_Cell_11_Vinculin.tif' are the same file
cp: '/users/s/m/smyersn/Vinculin/Vinculin_test_data/Vinculin_training_data_cyto2_results/2024.01.19_1073_Cell_23_Vinculin.tif' and '/users/s/m/smyersn/Vinculin/Vinculin_test_data/Vinculin_training_data_cyto2_results/2024.01.19_1073_Cell_23_Vinculin.tif' are the same file
cp: '/users/s/m/smyersn/Vinculin/Vinculin_test_data/Vinculin_training_data_cyto2_results/2024.01.19_1073_Cell_2_Vinculin.tif' and '/users/s/m/smyersn/Vinculin/Vinculin_test_data/Vinculin_training_data_cyto2_results/2024.01.19_1073_Cell_2_Vinculin.tif' are the same file
cp: '/users/s/m/smyersn/Vinculin/Vinculin_test_data/Vinculin_training_data_cyto2_results/2024.01.19_1073_Cell_1_Vinculin_cp_masks.tif' and '/users/s/m/smyersn/Vinculin/Vinculin_test_data/Vinculin_training_data_cyto2_results/2024.01.19_1073_Cell_1_Vinculin_cp_masks.tif' are the same file
cp: '/users/s/m/smyersn/Vinculin/Vinculin_test_data/Vinculin_training_data_cyto2_results/2024.01.19_Cterm_Cell_3_Vinculin.tif' and '/users/s/m/smyersn/Vinculin/Vinculin_test_data/Vinculin_training_data_cyto2_results/2024.01.19_Cterm_Cell_3_Vinculin.tif' are the same file
cp: '/users/s/m/smyersn/Vinculin/Vinculin_test_data/Vinculin_training_data_cyto2_results/2024.01.12_Cterm_Cell_12_Vinculin.tif' and '/users/s/m/smyersn/Vinculin/Vinculin_test_data/Vinculin_training_data_cyto2_results/2024.01.12_Cterm_Cell_12_Vinculin.tif' are the same file
cp: '/users/s/m/smyersn/Vinculin/Vinculin_test_data/Vinculin_training_data_cyto2_results/2024.01.12_noTag_Cell_5_Vinculin.tif' and '/users/s/m/smyersn/Vinculin/Vinculin_test_data/Vinculin_training_data_cyto2_results/2024.01.12_noTag_Cell_5_Vinculin.tif' are the same file
cp: '/users/s/m/smyersn/Vinculin/Vinculin_test_data/Vinculin_training_data_cyto2_results/2024.01.19_Cterm_Cell_2_Vinculin.tif' and '/users/s/m/smyersn/Vinculin/Vinculin_test_data/Vinculin_training_data_cyto2_results/2024.01.19_Cterm_Cell_2_Vinculin.tif' are the same file
cp: '/users/s/m/smyersn/Vinculin/Vinculin_test_data/Vinculin_training_data_cyto2_results/2024.01.19_Cterm_Cell_1_Vinculin_cp_masks.tif' and '/users/s/m/smyersn/Vinculin/Vinculin_test_data/Vinculin_training_data_cyto2_results/2024.01.19_Cterm_Cell_1_Vinculin_cp_masks.tif' are the same file
cp: '/users/s/m/smyersn/Vinculin/Vinculin_test_data/Vinculin_training_data_cyto2_results/2024.01.19_1073_Cell_25_Vinculin_cp_masks.tif' and '/users/s/m/smyersn/Vinculin/Vinculin_test_data/Vinculin_training_data_cyto2_results/2024.01.19_1073_Cell_25_Vinculin_cp_masks.tif' are the same file
cp: '/users/s/m/smyersn/Vinculin/Vinculin_test_data/Vinculin_training_data_cyto2_results/2024.01.19_noTag_Cell_18_Vinculin_cp_masks.tif' and '/users/s/m/smyersn/Vinculin/Vinculin_test_data/Vinculin_training_data_cyto2_results/2024.01.19_noTag_Cell_18_Vinculin_cp_masks.tif' are the same file
cp: '/users/s/m/smyersn/Vinculin/Vinculin_test_data/Vinculin_training_data_cyto2_results/2024.01.19_Cterm_Cell_21_Vinculin_cp_masks.tif' and '/users/s/m/smyersn/Vinculin/Vinculin_test_data/Vinculin_training_data_cyto2_results/2024.01.19_Cterm_Cell_21_Vinculin_cp_masks.tif' are the same file
cp: '/users/s/m/smyersn/Vinculin/Vinculin_test_data/Vinculin_training_data_cyto2_results/2024.01.19_noTag_Cell_15_Vinculin.tif' and '/users/s/m/smyersn/Vinculin/Vinculin_test_data/Vinculin_training_data_cyto2_results/2024.01.19_noTag_Cell_15_Vinculin.tif' are the same file
cp: '/users/s/m/smyersn/Vinculin/Vinculin_test_data/Vinculin_training_data_cyto2_results/2024.01.19_Cterm_Cell_28_Vinculin.tif' and '/users/s/m/smyersn/Vinculin/Vinculin_test_data/Vinculin_training_data_cyto2_results/2024.01.19_Cterm_Cell_28_Vinculin.tif' are the same file
cp: '/users/s/m/smyersn/Vinculin/Vinculin_test_data/Vinculin_training_data_cyto2_results/2024.01.19_Cterm_Cell_20_Vinculin.tif' and '/users/s/m/smyersn/Vinculin/Vinculin_test_data/Vinculin_training_data_cyto2_results/2024.01.19_Cterm_Cell_20_Vinculin.tif' are the same file
cp: '/users/s/m/smyersn/Vinculin/Vinculin_test_data/Vinculin_training_data_cyto2_results/2024.01.19_1073_Cell_23_Vinculin_cp_masks.tif' and '/users/s/m/smyersn/Vinculin/Vinculin_test_data/Vinculin_training_data_cyto2_results/2024.01.19_1073_Cell_23_Vinculin_cp_masks.tif' are the same file
cp: '/users/s/m/smyersn/Vinculin/Vinculin_test_data/Vinculin_training_data_cyto2_results/2024.01.12_noTag_Cell_19_Vinculin_cp_masks.tif' and '/users/s/m/smyersn/Vinculin/Vinculin_test_data/Vinculin_training_data_cyto2_results/2024.01.12_noTag_Cell_19_Vinculin_cp_masks.tif' are the same file
cp: '/users/s/m/smyersn/Vinculin/Vinculin_test_data/Vinculin_training_data_cyto2_results/2024.01.12_Cterm_Cell_10_Vinculin.tif' and '/users/s/m/smyersn/Vinculin/Vinculin_test_data/Vinculin_training_data_cyto2_results/2024.01.12_Cterm_Cell_10_Vinculin.tif' are the same file
cp: '/users/s/m/smyersn/Vinculin/Vinculin_test_data/Vinculin_training_data_cyto2_results/2024.01.19_noTag_Cell_23_Vinculin.tif' and '/users/s/m/smyersn/Vinculin/Vinculin_test_data/Vinculin_training_data_cyto2_results/2024.01.19_noTag_Cell_23_Vinculin.tif' are the same file
cp: '/users/s/m/smyersn/Vinculin/Vinculin_test_data/Vinculin_training_data_cyto2_results/2024.01.12_noTag_Cell_3_Vinculin_cp_masks.tif' and '/users/s/m/smyersn/Vinculin/Vinculin_test_data/Vinculin_training_data_cyto2_results/2024.01.12_noTag_Cell_3_Vinculin_cp_masks.tif' are the same file
cp: '/users/s/m/smyersn/Vinculin/Vinculin_test_data/Vinculin_training_data_cyto2_results/2024.01.12_noTag_Cell_3_Vinculin.tif' and '/users/s/m/smyersn/Vinculin/Vinculin_test_data/Vinculin_training_data_cyto2_results/2024.01.12_noTag_Cell_3_Vinculin.tif' are the same file
cp: '/users/s/m/smyersn/Vinculin/Vinculin_test_data/Vinculin_training_data_cyto2_results/2024.01.12_noTag_Cell_4_Vinculin.tif' and '/users/s/m/smyersn/Vinculin/Vinculin_test_data/Vinculin_training_data_cyto2_results/2024.01.12_noTag_Cell_4_Vinculin.tif' are the same file
cp: '/users/s/m/smyersn/Vinculin/Vinculin_test_data/Vinculin_training_data_cyto2_results/2024.01.19_noTag_Cell_7_Vinculin_cp_masks.tif' and '/users/s/m/smyersn/Vinculin/Vinculin_test_data/Vinculin_training_data_cyto2_results/2024.01.19_noTag_Cell_7_Vinculin_cp_masks.tif' are the same file
cp: '/users/s/m/smyersn/Vinculin/Vinculin_test_data/Vinculin_training_data_cyto2_results/2024.01.19_noTag_Cell_2_Vinculin_cp_masks.tif' and '/users/s/m/smyersn/Vinculin/Vinculin_test_data/Vinculin_training_data_cyto2_results/2024.01.19_noTag_Cell_2_Vinculin_cp_masks.tif' are the same file
cp: '/users/s/m/smyersn/Vinculin/Vinculin_test_data/Vinculin_training_data_cyto2_results/2024.01.12_Cterm_Cell_26_Vinculin.tif' and '/users/s/m/smyersn/Vinculin/Vinculin_test_data/Vinculin_training_data_cyto2_results/2024.01.12_Cterm_Cell_26_Vinculin.tif' are the same file
cp: '/users/s/m/smyersn/Vinculin/Vinculin_test_data/Vinculin_training_data_cyto2_results/2024.01.12_Cterm_Cell_9_Vinculin.tif' and '/users/s/m/smyersn/Vinculin/Vinculin_test_data/Vinculin_training_data_cyto2_results/2024.01.12_Cterm_Cell_9_Vinculin.tif' are the same file
cp: '/users/s/m/smyersn/Vinculin/Vinculin_test_data/Vinculin_training_data_cyto2_results/2024.01.12_1073_Cell_24_Vinculin.tif' and '/users/s/m/smyersn/Vinculin/Vinculin_test_data/Vinculin_training_data_cyto2_results/2024.01.12_1073_Cell_24_Vinculin.tif' are the same file
cp: '/users/s/m/smyersn/Vinculin/Vinculin_test_data/Vinculin_training_data_cyto2_results/2024.01.19_noTag_Cell_15_Vinculin_cp_masks.tif' and '/users/s/m/smyersn/Vinculin/Vinculin_test_data/Vinculin_training_data_cyto2_results/2024.01.19_noTag_Cell_15_Vinculin_cp_masks.tif' are the same file
cp: '/users/s/m/smyersn/Vinculin/Vinculin_test_data/Vinculin_training_data_cyto2_results/2024.01.12_Cterm_Cell_17_Vinculin.tif' and '/users/s/m/smyersn/Vinculin/Vinculin_test_data/Vinculin_training_data_cyto2_results/2024.01.12_Cterm_Cell_17_Vinculin.tif' are the same file
cp: '/users/s/m/smyersn/Vinculin/Vinculin_test_data/Vinculin_training_data_cyto2_results/2024.01.19_noTag_Cell_20_Vinculin_cp_masks.tif' and '/users/s/m/smyersn/Vinculin/Vinculin_test_data/Vinculin_training_data_cyto2_results/2024.01.19_noTag_Cell_20_Vinculin_cp_masks.tif' are the same file
cp: '/users/s/m/smyersn/Vinculin/Vinculin_test_data/Vinculin_training_data_cyto2_results/2024.01.19_1073_Cell_4_Vinculin_cp_masks.tif' and '/users/s/m/smyersn/Vinculin/Vinculin_test_data/Vinculin_training_data_cyto2_results/2024.01.19_1073_Cell_4_Vinculin_cp_masks.tif' are the same file
2024-03-14 16:19:19,456 [INFO] WRITING LOG OUTPUT TO /nas/longleaf/home/smyersn/.cellpose/run.log
2024-03-14 16:19:19,457 [INFO] 
cellpose version: 	2.3.2 
platform:       	linux 
python version: 	3.8.5 
torch version:  	2.2.0
2024-03-14 16:19:19,671 [INFO] ** TORCH CUDA version installed and working. **
2024-03-14 16:19:19,671 [INFO] >>>> using GPU
2024-03-14 16:19:19,692 [INFO] >>>> running cellpose on 125 images using chan_to_seg GRAY and chan (opt) NONE
2024-03-14 16:19:19,692 [INFO] >>>> loading model /users/s/m/smyersn/Vinculin/Vinculin_training_data/models/Vinculin_training_data_cyto2_weights
2024-03-14 16:19:19,848 [INFO] >>>> model diam_mean =  30.000 (ROIs rescaled to this size during training)
2024-03-14 16:19:19,848 [INFO] >>>> model diam_labels =  11.332 (mean diameter of training ROIs)
2024-03-14 16:19:19,848 [INFO] >>>> using diameter 10.000 for all images
2024-03-14 16:19:19,852 [INFO] 0%|          | 0/125 [00:00<?, ?it/s]
2024-03-14 16:19:23,424 [WARNING] no masks found, will not save PNG or outlines
2024-03-14 16:19:23,439 [INFO] 1%|          | 1/125 [00:03<07:24,  3.59s/it]
2024-03-14 16:19:26,687 [WARNING] no masks found, will not save PNG or outlines
2024-03-14 16:19:26,702 [INFO] 2%|1         | 2/125 [00:06<06:57,  3.40s/it]
2024-03-14 16:19:29,916 [WARNING] no masks found, will not save PNG or outlines
2024-03-14 16:19:29,932 [INFO] 2%|2         | 3/125 [00:10<06:45,  3.32s/it]
2024-03-14 16:19:33,168 [WARNING] no masks found, will not save PNG or outlines
2024-03-14 16:19:33,183 [INFO] 3%|3         | 4/125 [00:13<06:38,  3.29s/it]
2024-03-14 16:19:36,420 [WARNING] no masks found, will not save PNG or outlines
2024-03-14 16:19:36,436 [INFO] 4%|4         | 5/125 [00:16<06:33,  3.28s/it]
2024-03-14 16:19:39,646 [WARNING] no masks found, will not save PNG or outlines
2024-03-14 16:19:39,662 [INFO] 5%|4         | 6/125 [00:19<06:28,  3.26s/it]
2024-03-14 16:19:42,842 [WARNING] no masks found, will not save PNG or outlines
2024-03-14 16:19:42,858 [INFO] 6%|5         | 7/125 [00:23<06:22,  3.24s/it]
2024-03-14 16:19:46,076 [WARNING] no masks found, will not save PNG or outlines
2024-03-14 16:19:46,091 [INFO] 6%|6         | 8/125 [00:26<06:18,  3.24s/it]
2024-03-14 16:19:49,290 [WARNING] no masks found, will not save PNG or outlines
2024-03-14 16:19:49,304 [INFO] 7%|7         | 9/125 [00:29<06:14,  3.23s/it]
2024-03-14 16:19:52,494 [WARNING] no masks found, will not save PNG or outlines
2024-03-14 16:19:52,508 [INFO] 8%|8         | 10/125 [00:32<06:10,  3.22s/it]
slurmstepd: error: *** JOB 33601887 ON g0306 CANCELLED AT 2024-03-14T16:19:55 ***
