cp: '/users/s/m/smyersn/Vinculin/Vinculin_test_data/Vinculin_training_data_cyto2_results/2024.01.19_Cterm_Cell_27_Vinculin.tif' and '/users/s/m/smyersn/Vinculin/Vinculin_test_data/Vinculin_training_data_cyto2_results/2024.01.19_Cterm_Cell_27_Vinculin.tif' are the same file
cp: '/users/s/m/smyersn/Vinculin/Vinculin_test_data/Vinculin_training_data_cyto2_results/2024.01.12_1073_Cell_28_Vinculin.tif' and '/users/s/m/smyersn/Vinculin/Vinculin_test_data/Vinculin_training_data_cyto2_results/2024.01.12_1073_Cell_28_Vinculin.tif' are the same file
cp: '/users/s/m/smyersn/Vinculin/Vinculin_test_data/Vinculin_training_data_cyto2_results/2024.01.19_1073_Cell_6_Vinculin.tif' and '/users/s/m/smyersn/Vinculin/Vinculin_test_data/Vinculin_training_data_cyto2_results/2024.01.19_1073_Cell_6_Vinculin.tif' are the same file
cp: '/users/s/m/smyersn/Vinculin/Vinculin_test_data/Vinculin_training_data_cyto2_results/2024.01.19_1073_Cell_26_Vinculin.tif' and '/users/s/m/smyersn/Vinculin/Vinculin_test_data/Vinculin_training_data_cyto2_results/2024.01.19_1073_Cell_26_Vinculin.tif' are the same file
cp: '/users/s/m/smyersn/Vinculin/Vinculin_test_data/Vinculin_training_data_cyto2_results/2024.01.19_1073_Cell_4_Vinculin.tif' and '/users/s/m/smyersn/Vinculin/Vinculin_test_data/Vinculin_training_data_cyto2_results/2024.01.19_1073_Cell_4_Vinculin.tif' are the same file
cp: '/users/s/m/smyersn/Vinculin/Vinculin_test_data/Vinculin_training_data_cyto2_results/2024.01.12_Cterm_Cell_5_Vinculin.tif' and '/users/s/m/smyersn/Vinculin/Vinculin_test_data/Vinculin_training_data_cyto2_results/2024.01.12_Cterm_Cell_5_Vinculin.tif' are the same file
cp: '/users/s/m/smyersn/Vinculin/Vinculin_test_data/Vinculin_training_data_cyto2_results/2024.01.12_noTag_Cell_19_Vinculin.tif' and '/users/s/m/smyersn/Vinculin/Vinculin_test_data/Vinculin_training_data_cyto2_results/2024.01.12_noTag_Cell_19_Vinculin.tif' are the same file
cp: '/users/s/m/smyersn/Vinculin/Vinculin_test_data/Vinculin_training_data_cyto2_results/2024.01.12_noTag_Cell_17_Vinculin.tif' and '/users/s/m/smyersn/Vinculin/Vinculin_test_data/Vinculin_training_data_cyto2_results/2024.01.12_noTag_Cell_17_Vinculin.tif' are the same file
cp: '/users/s/m/smyersn/Vinculin/Vinculin_test_data/Vinculin_training_data_cyto2_results/2024.01.19_noTag_Cell_2_Vinculin.tif' and '/users/s/m/smyersn/Vinculin/Vinculin_test_data/Vinculin_training_data_cyto2_results/2024.01.19_noTag_Cell_2_Vinculin.tif' are the same file
cp: '/users/s/m/smyersn/Vinculin/Vinculin_test_data/Vinculin_training_data_cyto2_results/2024.01.19_1073_Cell_7_Vinculin.tif' and '/users/s/m/smyersn/Vinculin/Vinculin_test_data/Vinculin_training_data_cyto2_results/2024.01.19_1073_Cell_7_Vinculin.tif' are the same file
cp: '/users/s/m/smyersn/Vinculin/Vinculin_test_data/Vinculin_training_data_cyto2_results/2024.01.19_Cterm_Cell_18_Vinculin.tif' and '/users/s/m/smyersn/Vinculin/Vinculin_test_data/Vinculin_training_data_cyto2_results/2024.01.19_Cterm_Cell_18_Vinculin.tif' are the same file
cp: '/users/s/m/smyersn/Vinculin/Vinculin_test_data/Vinculin_training_data_cyto2_results/2024.01.19_Cterm_Cell_21_Vinculin.tif' and '/users/s/m/smyersn/Vinculin/Vinculin_test_data/Vinculin_training_data_cyto2_results/2024.01.19_Cterm_Cell_21_Vinculin.tif' are the same file
cp: '/users/s/m/smyersn/Vinculin/Vinculin_test_data/Vinculin_training_data_cyto2_results/2024.01.12_Cterm_Cell_20_Vinculin.tif' and '/users/s/m/smyersn/Vinculin/Vinculin_test_data/Vinculin_training_data_cyto2_results/2024.01.12_Cterm_Cell_20_Vinculin.tif' are the same file
cp: '/users/s/m/smyersn/Vinculin/Vinculin_test_data/Vinculin_training_data_cyto2_results/2024.01.12_noTag_Cell_20_Vinculin.tif' and '/users/s/m/smyersn/Vinculin/Vinculin_test_data/Vinculin_training_data_cyto2_results/2024.01.12_noTag_Cell_20_Vinculin.tif' are the same file
cp: '/users/s/m/smyersn/Vinculin/Vinculin_test_data/Vinculin_training_data_cyto2_results/2024.01.12_noTag_Cell_6_Vinculin.tif' and '/users/s/m/smyersn/Vinculin/Vinculin_test_data/Vinculin_training_data_cyto2_results/2024.01.12_noTag_Cell_6_Vinculin.tif' are the same file
cp: '/users/s/m/smyersn/Vinculin/Vinculin_test_data/Vinculin_training_data_cyto2_results/2024.01.12_Cterm_Cell_15_Vinculin.tif' and '/users/s/m/smyersn/Vinculin/Vinculin_test_data/Vinculin_training_data_cyto2_results/2024.01.12_Cterm_Cell_15_Vinculin.tif' are the same file
cp: '/users/s/m/smyersn/Vinculin/Vinculin_test_data/Vinculin_training_data_cyto2_results/2024.01.12_Cterm_Cell_8_Vinculin.tif' and '/users/s/m/smyersn/Vinculin/Vinculin_test_data/Vinculin_training_data_cyto2_results/2024.01.12_Cterm_Cell_8_Vinculin.tif' are the same file
cp: '/users/s/m/smyersn/Vinculin/Vinculin_test_data/Vinculin_training_data_cyto2_results/2024.01.12_noTag_Cell_2_Vinculin.tif' and '/users/s/m/smyersn/Vinculin/Vinculin_test_data/Vinculin_training_data_cyto2_results/2024.01.12_noTag_Cell_2_Vinculin.tif' are the same file
cp: '/users/s/m/smyersn/Vinculin/Vinculin_test_data/Vinculin_training_data_cyto2_results/2024.01.19_Cterm_Cell_15_Vinculin.tif' and '/users/s/m/smyersn/Vinculin/Vinculin_test_data/Vinculin_training_data_cyto2_results/2024.01.19_Cterm_Cell_15_Vinculin.tif' are the same file
cp: '/users/s/m/smyersn/Vinculin/Vinculin_test_data/Vinculin_training_data_cyto2_results/2024.01.19_1073_Cell_11_Vinculin.tif' and '/users/s/m/smyersn/Vinculin/Vinculin_test_data/Vinculin_training_data_cyto2_results/2024.01.19_1073_Cell_11_Vinculin.tif' are the same file
cp: '/users/s/m/smyersn/Vinculin/Vinculin_test_data/Vinculin_training_data_cyto2_results/2024.01.19_1073_Cell_1_Vinculin.tif' and '/users/s/m/smyersn/Vinculin/Vinculin_test_data/Vinculin_training_data_cyto2_results/2024.01.19_1073_Cell_1_Vinculin.tif' are the same file
cp: '/users/s/m/smyersn/Vinculin/Vinculin_test_data/Vinculin_training_data_cyto2_results/2024.01.12_noTag_Cell_23_Vinculin.tif' and '/users/s/m/smyersn/Vinculin/Vinculin_test_data/Vinculin_training_data_cyto2_results/2024.01.12_noTag_Cell_23_Vinculin.tif' are the same file
cp: '/users/s/m/smyersn/Vinculin/Vinculin_test_data/Vinculin_training_data_cyto2_results/2024.01.19_noTag_Cell_16_Vinculin.tif' and '/users/s/m/smyersn/Vinculin/Vinculin_test_data/Vinculin_training_data_cyto2_results/2024.01.19_noTag_Cell_16_Vinculin.tif' are the same file
cp: '/users/s/m/smyersn/Vinculin/Vinculin_test_data/Vinculin_training_data_cyto2_results/2024.01.12_noTag_Cell_18_Vinculin.tif' and '/users/s/m/smyersn/Vinculin/Vinculin_test_data/Vinculin_training_data_cyto2_results/2024.01.12_noTag_Cell_18_Vinculin.tif' are the same file
cp: '/users/s/m/smyersn/Vinculin/Vinculin_test_data/Vinculin_training_data_cyto2_results/2024.01.19_noTag_Cell_20_Vinculin.tif' and '/users/s/m/smyersn/Vinculin/Vinculin_test_data/Vinculin_training_data_cyto2_results/2024.01.19_noTag_Cell_20_Vinculin.tif' are the same file
cp: '/users/s/m/smyersn/Vinculin/Vinculin_test_data/Vinculin_training_data_cyto2_results/2024.01.12_noTag_Cell_22_Vinculin.tif' and '/users/s/m/smyersn/Vinculin/Vinculin_test_data/Vinculin_training_data_cyto2_results/2024.01.12_noTag_Cell_22_Vinculin.tif' are the same file
cp: '/users/s/m/smyersn/Vinculin/Vinculin_test_data/Vinculin_training_data_cyto2_results/2024.01.19_noTag_Cell_17_Vinculin.tif' and '/users/s/m/smyersn/Vinculin/Vinculin_test_data/Vinculin_training_data_cyto2_results/2024.01.19_noTag_Cell_17_Vinculin.tif' are the same file
cp: '/users/s/m/smyersn/Vinculin/Vinculin_test_data/Vinculin_training_data_cyto2_results/2024.01.19_Cterm_Cell_14_Vinculin.tif' and '/users/s/m/smyersn/Vinculin/Vinculin_test_data/Vinculin_training_data_cyto2_results/2024.01.19_Cterm_Cell_14_Vinculin.tif' are the same file
cp: '/users/s/m/smyersn/Vinculin/Vinculin_test_data/Vinculin_training_data_cyto2_results/2024.01.12_Cterm_Cell_30_Vinculin.tif' and '/users/s/m/smyersn/Vinculin/Vinculin_test_data/Vinculin_training_data_cyto2_results/2024.01.12_Cterm_Cell_30_Vinculin.tif' are the same file
cp: '/users/s/m/smyersn/Vinculin/Vinculin_test_data/Vinculin_training_data_cyto2_results/2024.01.19_1073_Cell_22_Vinculin.tif' and '/users/s/m/smyersn/Vinculin/Vinculin_test_data/Vinculin_training_data_cyto2_results/2024.01.19_1073_Cell_22_Vinculin.tif' are the same file
cp: '/users/s/m/smyersn/Vinculin/Vinculin_test_data/Vinculin_training_data_cyto2_results/2024.01.12_noTag_Cell_8_Vinculin.tif' and '/users/s/m/smyersn/Vinculin/Vinculin_test_data/Vinculin_training_data_cyto2_results/2024.01.12_noTag_Cell_8_Vinculin.tif' are the same file
cp: '/users/s/m/smyersn/Vinculin/Vinculin_test_data/Vinculin_training_data_cyto2_results/2024.01.12_Cterm_Cell_4_Vinculin.tif' and '/users/s/m/smyersn/Vinculin/Vinculin_test_data/Vinculin_training_data_cyto2_results/2024.01.12_Cterm_Cell_4_Vinculin.tif' are the same file
cp: '/users/s/m/smyersn/Vinculin/Vinculin_test_data/Vinculin_training_data_cyto2_results/2024.01.19_1073_Cell_10_Vinculin.tif' and '/users/s/m/smyersn/Vinculin/Vinculin_test_data/Vinculin_training_data_cyto2_results/2024.01.19_1073_Cell_10_Vinculin.tif' are the same file
cp: '/users/s/m/smyersn/Vinculin/Vinculin_test_data/Vinculin_training_data_cyto2_results/2024.01.19_Cterm_Cell_7_Vinculin.tif' and '/users/s/m/smyersn/Vinculin/Vinculin_test_data/Vinculin_training_data_cyto2_results/2024.01.19_Cterm_Cell_7_Vinculin.tif' are the same file
cp: '/users/s/m/smyersn/Vinculin/Vinculin_test_data/Vinculin_training_data_cyto2_results/2024.01.12_Cterm_Cell_6_Vinculin.tif' and '/users/s/m/smyersn/Vinculin/Vinculin_test_data/Vinculin_training_data_cyto2_results/2024.01.12_Cterm_Cell_6_Vinculin.tif' are the same file
cp: '/users/s/m/smyersn/Vinculin/Vinculin_test_data/Vinculin_training_data_cyto2_results/2024.01.19_noTag_Cell_13_Vinculin.tif' and '/users/s/m/smyersn/Vinculin/Vinculin_test_data/Vinculin_training_data_cyto2_results/2024.01.19_noTag_Cell_13_Vinculin.tif' are the same file
cp: '/users/s/m/smyersn/Vinculin/Vinculin_test_data/Vinculin_training_data_cyto2_results/2024.01.19_noTag_Cell_6_Vinculin.tif' and '/users/s/m/smyersn/Vinculin/Vinculin_test_data/Vinculin_training_data_cyto2_results/2024.01.19_noTag_Cell_6_Vinculin.tif' are the same file
cp: '/users/s/m/smyersn/Vinculin/Vinculin_test_data/Vinculin_training_data_cyto2_results/2024.01.19_Cterm_Cell_32_Vinculin.tif' and '/users/s/m/smyersn/Vinculin/Vinculin_test_data/Vinculin_training_data_cyto2_results/2024.01.19_Cterm_Cell_32_Vinculin.tif' are the same file
cp: '/users/s/m/smyersn/Vinculin/Vinculin_test_data/Vinculin_training_data_cyto2_results/2024.01.19_1073_Cell_16_Vinculin.tif' and '/users/s/m/smyersn/Vinculin/Vinculin_test_data/Vinculin_training_data_cyto2_results/2024.01.19_1073_Cell_16_Vinculin.tif' are the same file
cp: '/users/s/m/smyersn/Vinculin/Vinculin_test_data/Vinculin_training_data_cyto2_results/2024.01.19_1073_Cell_21_Vinculin.tif' and '/users/s/m/smyersn/Vinculin/Vinculin_test_data/Vinculin_training_data_cyto2_results/2024.01.19_1073_Cell_21_Vinculin.tif' are the same file
cp: '/users/s/m/smyersn/Vinculin/Vinculin_test_data/Vinculin_training_data_cyto2_results/2024.01.19_noTag_Cell_3_Vinculin.tif' and '/users/s/m/smyersn/Vinculin/Vinculin_test_data/Vinculin_training_data_cyto2_results/2024.01.19_noTag_Cell_3_Vinculin.tif' are the same file
cp: '/users/s/m/smyersn/Vinculin/Vinculin_test_data/Vinculin_training_data_cyto2_results/2024.01.12_noTag_Cell_10_Vinculin.tif' and '/users/s/m/smyersn/Vinculin/Vinculin_test_data/Vinculin_training_data_cyto2_results/2024.01.12_noTag_Cell_10_Vinculin.tif' are the same file
cp: '/users/s/m/smyersn/Vinculin/Vinculin_test_data/Vinculin_training_data_cyto2_results/2024.01.12_noTag_Cell_16_Vinculin.tif' and '/users/s/m/smyersn/Vinculin/Vinculin_test_data/Vinculin_training_data_cyto2_results/2024.01.12_noTag_Cell_16_Vinculin.tif' are the same file
cp: '/users/s/m/smyersn/Vinculin/Vinculin_test_data/Vinculin_training_data_cyto2_results/2024.01.12_Cterm_Cell_27_Vinculin.tif' and '/users/s/m/smyersn/Vinculin/Vinculin_test_data/Vinculin_training_data_cyto2_results/2024.01.12_Cterm_Cell_27_Vinculin.tif' are the same file
cp: '/users/s/m/smyersn/Vinculin/Vinculin_test_data/Vinculin_training_data_cyto2_results/2024.01.19_Cterm_Cell_19_Vinculin.tif' and '/users/s/m/smyersn/Vinculin/Vinculin_test_data/Vinculin_training_data_cyto2_results/2024.01.19_Cterm_Cell_19_Vinculin.tif' are the same file
cp: '/users/s/m/smyersn/Vinculin/Vinculin_test_data/Vinculin_training_data_cyto2_results/2024.01.12_Cterm_Cell_19_Vinculin.tif' and '/users/s/m/smyersn/Vinculin/Vinculin_test_data/Vinculin_training_data_cyto2_results/2024.01.12_Cterm_Cell_19_Vinculin.tif' are the same file
cp: '/users/s/m/smyersn/Vinculin/Vinculin_test_data/Vinculin_training_data_cyto2_results/2024.01.12_Cterm_Cell_28_Vinculin.tif' and '/users/s/m/smyersn/Vinculin/Vinculin_test_data/Vinculin_training_data_cyto2_results/2024.01.12_Cterm_Cell_28_Vinculin.tif' are the same file
cp: '/users/s/m/smyersn/Vinculin/Vinculin_test_data/Vinculin_training_data_cyto2_results/2024.01.19_1073_Cell_13_Vinculin.tif' and '/users/s/m/smyersn/Vinculin/Vinculin_test_data/Vinculin_training_data_cyto2_results/2024.01.19_1073_Cell_13_Vinculin.tif' are the same file
cp: '/users/s/m/smyersn/Vinculin/Vinculin_test_data/Vinculin_training_data_cyto2_results/2024.01.19_noTag_Cell_24_Vinculin.tif' and '/users/s/m/smyersn/Vinculin/Vinculin_test_data/Vinculin_training_data_cyto2_results/2024.01.19_noTag_Cell_24_Vinculin.tif' are the same file
cp: '/users/s/m/smyersn/Vinculin/Vinculin_test_data/Vinculin_training_data_cyto2_results/2024.01.19_1073_Cell_24_Vinculin.tif' and '/users/s/m/smyersn/Vinculin/Vinculin_test_data/Vinculin_training_data_cyto2_results/2024.01.19_1073_Cell_24_Vinculin.tif' are the same file
cp: '/users/s/m/smyersn/Vinculin/Vinculin_test_data/Vinculin_training_data_cyto2_results/2024.01.12_Cterm_Cell_21_Vinculin.tif' and '/users/s/m/smyersn/Vinculin/Vinculin_test_data/Vinculin_training_data_cyto2_results/2024.01.12_Cterm_Cell_21_Vinculin.tif' are the same file
cp: '/users/s/m/smyersn/Vinculin/Vinculin_test_data/Vinculin_training_data_cyto2_results/2024.01.19_noTag_Cell_22_Vinculin.tif' and '/users/s/m/smyersn/Vinculin/Vinculin_test_data/Vinculin_training_data_cyto2_results/2024.01.19_noTag_Cell_22_Vinculin.tif' are the same file
cp: '/users/s/m/smyersn/Vinculin/Vinculin_test_data/Vinculin_training_data_cyto2_results/2024.01.19_noTag_Cell_1_Vinculin.tif' and '/users/s/m/smyersn/Vinculin/Vinculin_test_data/Vinculin_training_data_cyto2_results/2024.01.19_noTag_Cell_1_Vinculin.tif' are the same file
cp: '/users/s/m/smyersn/Vinculin/Vinculin_test_data/Vinculin_training_data_cyto2_results/2024.01.19_Cterm_Cell_22_Vinculin.tif' and '/users/s/m/smyersn/Vinculin/Vinculin_test_data/Vinculin_training_data_cyto2_results/2024.01.19_Cterm_Cell_22_Vinculin.tif' are the same file
cp: '/users/s/m/smyersn/Vinculin/Vinculin_test_data/Vinculin_training_data_cyto2_results/2024.01.12_Cterm_Cell_1_Vinculin.tif' and '/users/s/m/smyersn/Vinculin/Vinculin_test_data/Vinculin_training_data_cyto2_results/2024.01.12_Cterm_Cell_1_Vinculin.tif' are the same file
cp: '/users/s/m/smyersn/Vinculin/Vinculin_test_data/Vinculin_training_data_cyto2_results/2024.01.19_Cterm_Cell_29_Vinculin.tif' and '/users/s/m/smyersn/Vinculin/Vinculin_test_data/Vinculin_training_data_cyto2_results/2024.01.19_Cterm_Cell_29_Vinculin.tif' are the same file
cp: '/users/s/m/smyersn/Vinculin/Vinculin_test_data/Vinculin_training_data_cyto2_results/2024.01.19_Cterm_Cell_25_Vinculin.tif' and '/users/s/m/smyersn/Vinculin/Vinculin_test_data/Vinculin_training_data_cyto2_results/2024.01.19_Cterm_Cell_25_Vinculin.tif' are the same file
cp: '/users/s/m/smyersn/Vinculin/Vinculin_test_data/Vinculin_training_data_cyto2_results/2024.01.12_Cterm_Cell_32_Vinculin.tif' and '/users/s/m/smyersn/Vinculin/Vinculin_test_data/Vinculin_training_data_cyto2_results/2024.01.12_Cterm_Cell_32_Vinculin.tif' are the same file
cp: '/users/s/m/smyersn/Vinculin/Vinculin_test_data/Vinculin_training_data_cyto2_results/2024.01.12_Cterm_Cell_24_Vinculin.tif' and '/users/s/m/smyersn/Vinculin/Vinculin_test_data/Vinculin_training_data_cyto2_results/2024.01.12_Cterm_Cell_24_Vinculin.tif' are the same file
cp: '/users/s/m/smyersn/Vinculin/Vinculin_test_data/Vinculin_training_data_cyto2_results/2024.01.19_noTag_Cell_11_Vinculin.tif' and '/users/s/m/smyersn/Vinculin/Vinculin_test_data/Vinculin_training_data_cyto2_results/2024.01.19_noTag_Cell_11_Vinculin.tif' are the same file
cp: '/users/s/m/smyersn/Vinculin/Vinculin_test_data/Vinculin_training_data_cyto2_results/2024.01.12_noTag_Cell_12_Vinculin.tif' and '/users/s/m/smyersn/Vinculin/Vinculin_test_data/Vinculin_training_data_cyto2_results/2024.01.12_noTag_Cell_12_Vinculin.tif' are the same file
cp: '/users/s/m/smyersn/Vinculin/Vinculin_test_data/Vinculin_training_data_cyto2_results/2024.01.19_Cterm_Cell_5_Vinculin.tif' and '/users/s/m/smyersn/Vinculin/Vinculin_test_data/Vinculin_training_data_cyto2_results/2024.01.19_Cterm_Cell_5_Vinculin.tif' are the same file
cp: '/users/s/m/smyersn/Vinculin/Vinculin_test_data/Vinculin_training_data_cyto2_results/2024.01.19_noTag_Cell_12_Vinculin.tif' and '/users/s/m/smyersn/Vinculin/Vinculin_test_data/Vinculin_training_data_cyto2_results/2024.01.19_noTag_Cell_12_Vinculin.tif' are the same file
cp: '/users/s/m/smyersn/Vinculin/Vinculin_test_data/Vinculin_training_data_cyto2_results/2024.01.19_Cterm_Cell_12_Vinculin.tif' and '/users/s/m/smyersn/Vinculin/Vinculin_test_data/Vinculin_training_data_cyto2_results/2024.01.19_Cterm_Cell_12_Vinculin.tif' are the same file
cp: '/users/s/m/smyersn/Vinculin/Vinculin_test_data/Vinculin_training_data_cyto2_results/2024.01.19_Cterm_Cell_26_Vinculin.tif' and '/users/s/m/smyersn/Vinculin/Vinculin_test_data/Vinculin_training_data_cyto2_results/2024.01.19_Cterm_Cell_26_Vinculin.tif' are the same file
cp: '/users/s/m/smyersn/Vinculin/Vinculin_test_data/Vinculin_training_data_cyto2_results/2024.01.19_noTag_Cell_14_Vinculin.tif' and '/users/s/m/smyersn/Vinculin/Vinculin_test_data/Vinculin_training_data_cyto2_results/2024.01.19_noTag_Cell_14_Vinculin.tif' are the same file
cp: '/users/s/m/smyersn/Vinculin/Vinculin_test_data/Vinculin_training_data_cyto2_results/2024.01.12_Cterm_Cell_22_Vinculin.tif' and '/users/s/m/smyersn/Vinculin/Vinculin_test_data/Vinculin_training_data_cyto2_results/2024.01.12_Cterm_Cell_22_Vinculin.tif' are the same file
cp: '/users/s/m/smyersn/Vinculin/Vinculin_test_data/Vinculin_training_data_cyto2_results/2024.01.12_Cterm_Cell_18_Vinculin.tif' and '/users/s/m/smyersn/Vinculin/Vinculin_test_data/Vinculin_training_data_cyto2_results/2024.01.12_Cterm_Cell_18_Vinculin.tif' are the same file
cp: '/users/s/m/smyersn/Vinculin/Vinculin_test_data/Vinculin_training_data_cyto2_results/2024.01.12_1073_Cell_26_Vinculin.tif' and '/users/s/m/smyersn/Vinculin/Vinculin_test_data/Vinculin_training_data_cyto2_results/2024.01.12_1073_Cell_26_Vinculin.tif' are the same file
cp: '/users/s/m/smyersn/Vinculin/Vinculin_test_data/Vinculin_training_data_cyto2_results/2024.01.19_1073_Cell_3_Vinculin.tif' and '/users/s/m/smyersn/Vinculin/Vinculin_test_data/Vinculin_training_data_cyto2_results/2024.01.19_1073_Cell_3_Vinculin.tif' are the same file
cp: '/users/s/m/smyersn/Vinculin/Vinculin_test_data/Vinculin_training_data_cyto2_results/2024.01.12_noTag_Cell_15_Vinculin.tif' and '/users/s/m/smyersn/Vinculin/Vinculin_test_data/Vinculin_training_data_cyto2_results/2024.01.12_noTag_Cell_15_Vinculin.tif' are the same file
cp: '/users/s/m/smyersn/Vinculin/Vinculin_test_data/Vinculin_training_data_cyto2_results/2024.01.19_noTag_Cell_21_Vinculin.tif' and '/users/s/m/smyersn/Vinculin/Vinculin_test_data/Vinculin_training_data_cyto2_results/2024.01.19_noTag_Cell_21_Vinculin.tif' are the same file
cp: '/users/s/m/smyersn/Vinculin/Vinculin_test_data/Vinculin_training_data_cyto2_results/2024.01.19_Cterm_Cell_31_Vinculin.tif' and '/users/s/m/smyersn/Vinculin/Vinculin_test_data/Vinculin_training_data_cyto2_results/2024.01.19_Cterm_Cell_31_Vinculin.tif' are the same file
cp: '/users/s/m/smyersn/Vinculin/Vinculin_test_data/Vinculin_training_data_cyto2_results/2024.01.19_Cterm_Cell_30_Vinculin.tif' and '/users/s/m/smyersn/Vinculin/Vinculin_test_data/Vinculin_training_data_cyto2_results/2024.01.19_Cterm_Cell_30_Vinculin.tif' are the same file
cp: '/users/s/m/smyersn/Vinculin/Vinculin_test_data/Vinculin_training_data_cyto2_results/2024.01.12_noTag_Cell_13_Vinculin.tif' and '/users/s/m/smyersn/Vinculin/Vinculin_test_data/Vinculin_training_data_cyto2_results/2024.01.12_noTag_Cell_13_Vinculin.tif' are the same file
cp: '/users/s/m/smyersn/Vinculin/Vinculin_test_data/Vinculin_training_data_cyto2_results/2024.01.19_1073_Cell_9_Vinculin.tif' and '/users/s/m/smyersn/Vinculin/Vinculin_test_data/Vinculin_training_data_cyto2_results/2024.01.19_1073_Cell_9_Vinculin.tif' are the same file
cp: '/users/s/m/smyersn/Vinculin/Vinculin_test_data/Vinculin_training_data_cyto2_results/2024.01.12_noTag_Cell_9_Vinculin.tif' and '/users/s/m/smyersn/Vinculin/Vinculin_test_data/Vinculin_training_data_cyto2_results/2024.01.12_noTag_Cell_9_Vinculin.tif' are the same file
cp: '/users/s/m/smyersn/Vinculin/Vinculin_test_data/Vinculin_training_data_cyto2_results/2024.01.19_1073_Cell_18_Vinculin.tif' and '/users/s/m/smyersn/Vinculin/Vinculin_test_data/Vinculin_training_data_cyto2_results/2024.01.19_1073_Cell_18_Vinculin.tif' are the same file
cp: '/users/s/m/smyersn/Vinculin/Vinculin_test_data/Vinculin_training_data_cyto2_results/2024.01.19_1073_Cell_20_Vinculin.tif' and '/users/s/m/smyersn/Vinculin/Vinculin_test_data/Vinculin_training_data_cyto2_results/2024.01.19_1073_Cell_20_Vinculin.tif' are the same file
cp: '/users/s/m/smyersn/Vinculin/Vinculin_test_data/Vinculin_training_data_cyto2_results/2024.01.12_1073_Cell_25_Vinculin.tif' and '/users/s/m/smyersn/Vinculin/Vinculin_test_data/Vinculin_training_data_cyto2_results/2024.01.12_1073_Cell_25_Vinculin.tif' are the same file
cp: '/users/s/m/smyersn/Vinculin/Vinculin_test_data/Vinculin_training_data_cyto2_results/2024.01.19_1073_Cell_14_Vinculin.tif' and '/users/s/m/smyersn/Vinculin/Vinculin_test_data/Vinculin_training_data_cyto2_results/2024.01.19_1073_Cell_14_Vinculin.tif' are the same file
cp: '/users/s/m/smyersn/Vinculin/Vinculin_test_data/Vinculin_training_data_cyto2_results/2024.01.12_Cterm_Cell_23_Vinculin.tif' and '/users/s/m/smyersn/Vinculin/Vinculin_test_data/Vinculin_training_data_cyto2_results/2024.01.12_Cterm_Cell_23_Vinculin.tif' are the same file
cp: '/users/s/m/smyersn/Vinculin/Vinculin_test_data/Vinculin_training_data_cyto2_results/2024.01.12_noTag_Cell_14_Vinculin.tif' and '/users/s/m/smyersn/Vinculin/Vinculin_test_data/Vinculin_training_data_cyto2_results/2024.01.12_noTag_Cell_14_Vinculin.tif' are the same file
cp: '/users/s/m/smyersn/Vinculin/Vinculin_test_data/Vinculin_training_data_cyto2_results/2024.01.19_noTag_Cell_5_Vinculin.tif' and '/users/s/m/smyersn/Vinculin/Vinculin_test_data/Vinculin_training_data_cyto2_results/2024.01.19_noTag_Cell_5_Vinculin.tif' are the same file
cp: '/users/s/m/smyersn/Vinculin/Vinculin_test_data/Vinculin_training_data_cyto2_results/2024.01.19_noTag_Cell_8_Vinculin.tif' and '/users/s/m/smyersn/Vinculin/Vinculin_test_data/Vinculin_training_data_cyto2_results/2024.01.19_noTag_Cell_8_Vinculin.tif' are the same file
cp: '/users/s/m/smyersn/Vinculin/Vinculin_test_data/Vinculin_training_data_cyto2_results/2024.01.19_noTag_Cell_19_Vinculin.tif' and '/users/s/m/smyersn/Vinculin/Vinculin_test_data/Vinculin_training_data_cyto2_results/2024.01.19_noTag_Cell_19_Vinculin.tif' are the same file
cp: '/users/s/m/smyersn/Vinculin/Vinculin_test_data/Vinculin_training_data_cyto2_results/2024.01.12_Cterm_Cell_31_Vinculin.tif' and '/users/s/m/smyersn/Vinculin/Vinculin_test_data/Vinculin_training_data_cyto2_results/2024.01.12_Cterm_Cell_31_Vinculin.tif' are the same file
cp: '/users/s/m/smyersn/Vinculin/Vinculin_test_data/Vinculin_training_data_cyto2_results/2024.01.19_noTag_Cell_7_Vinculin.tif' and '/users/s/m/smyersn/Vinculin/Vinculin_test_data/Vinculin_training_data_cyto2_results/2024.01.19_noTag_Cell_7_Vinculin.tif' are the same file
cp: '/users/s/m/smyersn/Vinculin/Vinculin_test_data/Vinculin_training_data_cyto2_results/2024.01.12_1073_Cell_27_Vinculin.tif' and '/users/s/m/smyersn/Vinculin/Vinculin_test_data/Vinculin_training_data_cyto2_results/2024.01.12_1073_Cell_27_Vinculin.tif' are the same file
cp: '/users/s/m/smyersn/Vinculin/Vinculin_test_data/Vinculin_training_data_cyto2_results/2024.01.19_1073_Cell_17_Vinculin.tif' and '/users/s/m/smyersn/Vinculin/Vinculin_test_data/Vinculin_training_data_cyto2_results/2024.01.19_1073_Cell_17_Vinculin.tif' are the same file
cp: '/users/s/m/smyersn/Vinculin/Vinculin_test_data/Vinculin_training_data_cyto2_results/2024.01.12_Cterm_Cell_2_Vinculin.tif' and '/users/s/m/smyersn/Vinculin/Vinculin_test_data/Vinculin_training_data_cyto2_results/2024.01.12_Cterm_Cell_2_Vinculin.tif' are the same file
cp: '/users/s/m/smyersn/Vinculin/Vinculin_test_data/Vinculin_training_data_cyto2_results/2024.01.19_Cterm_Cell_17_Vinculin.tif' and '/users/s/m/smyersn/Vinculin/Vinculin_test_data/Vinculin_training_data_cyto2_results/2024.01.19_Cterm_Cell_17_Vinculin.tif' are the same file
cp: '/users/s/m/smyersn/Vinculin/Vinculin_test_data/Vinculin_training_data_cyto2_results/2024.01.12_noTag_Cell_21_Vinculin.tif' and '/users/s/m/smyersn/Vinculin/Vinculin_test_data/Vinculin_training_data_cyto2_results/2024.01.12_noTag_Cell_21_Vinculin.tif' are the same file
cp: '/users/s/m/smyersn/Vinculin/Vinculin_test_data/Vinculin_training_data_cyto2_results/2024.01.19_noTag_Cell_18_Vinculin.tif' and '/users/s/m/smyersn/Vinculin/Vinculin_test_data/Vinculin_training_data_cyto2_results/2024.01.19_noTag_Cell_18_Vinculin.tif' are the same file
cp: '/users/s/m/smyersn/Vinculin/Vinculin_test_data/Vinculin_training_data_cyto2_results/2024.01.12_noTag_Cell_11_Vinculin.tif' and '/users/s/m/smyersn/Vinculin/Vinculin_test_data/Vinculin_training_data_cyto2_results/2024.01.12_noTag_Cell_11_Vinculin.tif' are the same file
cp: '/users/s/m/smyersn/Vinculin/Vinculin_test_data/Vinculin_training_data_cyto2_results/2024.01.12_Cterm_Cell_11_Vinculin.tif' and '/users/s/m/smyersn/Vinculin/Vinculin_test_data/Vinculin_training_data_cyto2_results/2024.01.12_Cterm_Cell_11_Vinculin.tif' are the same file
cp: '/users/s/m/smyersn/Vinculin/Vinculin_test_data/Vinculin_training_data_cyto2_results/2024.01.12_Cterm_Cell_3_Vinculin.tif' and '/users/s/m/smyersn/Vinculin/Vinculin_test_data/Vinculin_training_data_cyto2_results/2024.01.12_Cterm_Cell_3_Vinculin.tif' are the same file
cp: '/users/s/m/smyersn/Vinculin/Vinculin_test_data/Vinculin_training_data_cyto2_results/2024.01.19_noTag_Cell_4_Vinculin.tif' and '/users/s/m/smyersn/Vinculin/Vinculin_test_data/Vinculin_training_data_cyto2_results/2024.01.19_noTag_Cell_4_Vinculin.tif' are the same file
cp: '/users/s/m/smyersn/Vinculin/Vinculin_test_data/Vinculin_training_data_cyto2_results/2024.01.19_1073_Cell_5_Vinculin.tif' and '/users/s/m/smyersn/Vinculin/Vinculin_test_data/Vinculin_training_data_cyto2_results/2024.01.19_1073_Cell_5_Vinculin.tif' are the same file
cp: '/users/s/m/smyersn/Vinculin/Vinculin_test_data/Vinculin_training_data_cyto2_results/2024.01.19_1073_Cell_25_Vinculin.tif' and '/users/s/m/smyersn/Vinculin/Vinculin_test_data/Vinculin_training_data_cyto2_results/2024.01.19_1073_Cell_25_Vinculin.tif' are the same file
cp: '/users/s/m/smyersn/Vinculin/Vinculin_test_data/Vinculin_training_data_cyto2_results/2024.01.19_Cterm_Cell_16_Vinculin.tif' and '/users/s/m/smyersn/Vinculin/Vinculin_test_data/Vinculin_training_data_cyto2_results/2024.01.19_Cterm_Cell_16_Vinculin.tif' are the same file
cp: '/users/s/m/smyersn/Vinculin/Vinculin_test_data/Vinculin_training_data_cyto2_results/2024.01.19_noTag_Cell_9_Vinculin.tif' and '/users/s/m/smyersn/Vinculin/Vinculin_test_data/Vinculin_training_data_cyto2_results/2024.01.19_noTag_Cell_9_Vinculin.tif' are the same file
cp: '/users/s/m/smyersn/Vinculin/Vinculin_test_data/Vinculin_training_data_cyto2_results/2024.01.19_Cterm_Cell_1_Vinculin.tif' and '/users/s/m/smyersn/Vinculin/Vinculin_test_data/Vinculin_training_data_cyto2_results/2024.01.19_Cterm_Cell_1_Vinculin.tif' are the same file
cp: '/users/s/m/smyersn/Vinculin/Vinculin_test_data/Vinculin_training_data_cyto2_results/2024.01.19_Cterm_Cell_9_Vinculin.tif' and '/users/s/m/smyersn/Vinculin/Vinculin_test_data/Vinculin_training_data_cyto2_results/2024.01.19_Cterm_Cell_9_Vinculin.tif' are the same file
cp: '/users/s/m/smyersn/Vinculin/Vinculin_test_data/Vinculin_training_data_cyto2_results/2024.01.12_noTag_Cell_1_Vinculin.tif' and '/users/s/m/smyersn/Vinculin/Vinculin_test_data/Vinculin_training_data_cyto2_results/2024.01.12_noTag_Cell_1_Vinculin.tif' are the same file
cp: '/users/s/m/smyersn/Vinculin/Vinculin_test_data/Vinculin_training_data_cyto2_results/2024.01.19_Cterm_Cell_11_Vinculin.tif' and '/users/s/m/smyersn/Vinculin/Vinculin_test_data/Vinculin_training_data_cyto2_results/2024.01.19_Cterm_Cell_11_Vinculin.tif' are the same file
cp: '/users/s/m/smyersn/Vinculin/Vinculin_test_data/Vinculin_training_data_cyto2_results/2024.01.19_1073_Cell_23_Vinculin.tif' and '/users/s/m/smyersn/Vinculin/Vinculin_test_data/Vinculin_training_data_cyto2_results/2024.01.19_1073_Cell_23_Vinculin.tif' are the same file
cp: '/users/s/m/smyersn/Vinculin/Vinculin_test_data/Vinculin_training_data_cyto2_results/2024.01.19_1073_Cell_2_Vinculin.tif' and '/users/s/m/smyersn/Vinculin/Vinculin_test_data/Vinculin_training_data_cyto2_results/2024.01.19_1073_Cell_2_Vinculin.tif' are the same file
cp: '/users/s/m/smyersn/Vinculin/Vinculin_test_data/Vinculin_training_data_cyto2_results/2024.01.19_Cterm_Cell_3_Vinculin.tif' and '/users/s/m/smyersn/Vinculin/Vinculin_test_data/Vinculin_training_data_cyto2_results/2024.01.19_Cterm_Cell_3_Vinculin.tif' are the same file
cp: '/users/s/m/smyersn/Vinculin/Vinculin_test_data/Vinculin_training_data_cyto2_results/2024.01.12_Cterm_Cell_12_Vinculin.tif' and '/users/s/m/smyersn/Vinculin/Vinculin_test_data/Vinculin_training_data_cyto2_results/2024.01.12_Cterm_Cell_12_Vinculin.tif' are the same file
cp: '/users/s/m/smyersn/Vinculin/Vinculin_test_data/Vinculin_training_data_cyto2_results/2024.01.12_noTag_Cell_5_Vinculin.tif' and '/users/s/m/smyersn/Vinculin/Vinculin_test_data/Vinculin_training_data_cyto2_results/2024.01.12_noTag_Cell_5_Vinculin.tif' are the same file
cp: '/users/s/m/smyersn/Vinculin/Vinculin_test_data/Vinculin_training_data_cyto2_results/2024.01.19_Cterm_Cell_2_Vinculin.tif' and '/users/s/m/smyersn/Vinculin/Vinculin_test_data/Vinculin_training_data_cyto2_results/2024.01.19_Cterm_Cell_2_Vinculin.tif' are the same file
cp: '/users/s/m/smyersn/Vinculin/Vinculin_test_data/Vinculin_training_data_cyto2_results/2024.01.19_noTag_Cell_15_Vinculin.tif' and '/users/s/m/smyersn/Vinculin/Vinculin_test_data/Vinculin_training_data_cyto2_results/2024.01.19_noTag_Cell_15_Vinculin.tif' are the same file
cp: '/users/s/m/smyersn/Vinculin/Vinculin_test_data/Vinculin_training_data_cyto2_results/2024.01.19_Cterm_Cell_28_Vinculin.tif' and '/users/s/m/smyersn/Vinculin/Vinculin_test_data/Vinculin_training_data_cyto2_results/2024.01.19_Cterm_Cell_28_Vinculin.tif' are the same file
cp: '/users/s/m/smyersn/Vinculin/Vinculin_test_data/Vinculin_training_data_cyto2_results/2024.01.19_Cterm_Cell_20_Vinculin.tif' and '/users/s/m/smyersn/Vinculin/Vinculin_test_data/Vinculin_training_data_cyto2_results/2024.01.19_Cterm_Cell_20_Vinculin.tif' are the same file
cp: '/users/s/m/smyersn/Vinculin/Vinculin_test_data/Vinculin_training_data_cyto2_results/2024.01.12_Cterm_Cell_10_Vinculin.tif' and '/users/s/m/smyersn/Vinculin/Vinculin_test_data/Vinculin_training_data_cyto2_results/2024.01.12_Cterm_Cell_10_Vinculin.tif' are the same file
cp: '/users/s/m/smyersn/Vinculin/Vinculin_test_data/Vinculin_training_data_cyto2_results/2024.01.19_noTag_Cell_23_Vinculin.tif' and '/users/s/m/smyersn/Vinculin/Vinculin_test_data/Vinculin_training_data_cyto2_results/2024.01.19_noTag_Cell_23_Vinculin.tif' are the same file
cp: '/users/s/m/smyersn/Vinculin/Vinculin_test_data/Vinculin_training_data_cyto2_results/2024.01.12_noTag_Cell_3_Vinculin.tif' and '/users/s/m/smyersn/Vinculin/Vinculin_test_data/Vinculin_training_data_cyto2_results/2024.01.12_noTag_Cell_3_Vinculin.tif' are the same file
cp: '/users/s/m/smyersn/Vinculin/Vinculin_test_data/Vinculin_training_data_cyto2_results/2024.01.12_noTag_Cell_4_Vinculin.tif' and '/users/s/m/smyersn/Vinculin/Vinculin_test_data/Vinculin_training_data_cyto2_results/2024.01.12_noTag_Cell_4_Vinculin.tif' are the same file
cp: '/users/s/m/smyersn/Vinculin/Vinculin_test_data/Vinculin_training_data_cyto2_results/2024.01.12_Cterm_Cell_26_Vinculin.tif' and '/users/s/m/smyersn/Vinculin/Vinculin_test_data/Vinculin_training_data_cyto2_results/2024.01.12_Cterm_Cell_26_Vinculin.tif' are the same file
cp: '/users/s/m/smyersn/Vinculin/Vinculin_test_data/Vinculin_training_data_cyto2_results/2024.01.12_Cterm_Cell_9_Vinculin.tif' and '/users/s/m/smyersn/Vinculin/Vinculin_test_data/Vinculin_training_data_cyto2_results/2024.01.12_Cterm_Cell_9_Vinculin.tif' are the same file
cp: '/users/s/m/smyersn/Vinculin/Vinculin_test_data/Vinculin_training_data_cyto2_results/2024.01.12_1073_Cell_24_Vinculin.tif' and '/users/s/m/smyersn/Vinculin/Vinculin_test_data/Vinculin_training_data_cyto2_results/2024.01.12_1073_Cell_24_Vinculin.tif' are the same file
cp: '/users/s/m/smyersn/Vinculin/Vinculin_test_data/Vinculin_training_data_cyto2_results/2024.01.12_Cterm_Cell_17_Vinculin.tif' and '/users/s/m/smyersn/Vinculin/Vinculin_test_data/Vinculin_training_data_cyto2_results/2024.01.12_Cterm_Cell_17_Vinculin.tif' are the same file
2024-03-14 16:23:21,195 [INFO] WRITING LOG OUTPUT TO /nas/longleaf/home/smyersn/.cellpose/run.log
2024-03-14 16:23:21,195 [INFO] 
cellpose version: 	2.3.2 
platform:       	linux 
python version: 	3.8.5 
torch version:  	2.2.0
2024-03-14 16:23:21,376 [INFO] ** TORCH CUDA version installed and working. **
2024-03-14 16:23:21,376 [INFO] >>>> using GPU
2024-03-14 16:23:21,400 [INFO] >>>> running cellpose on 123 images using chan_to_seg GRAY and chan (opt) NONE
2024-03-14 16:23:21,400 [INFO] >>>> loading model /users/s/m/smyersn/Vinculin/Vinculin_training_data/models/Vinculin_training_data_cyto2_weights
2024-03-14 16:23:23,330 [INFO] >>>> model diam_mean =  30.000 (ROIs rescaled to this size during training)
2024-03-14 16:23:23,331 [INFO] >>>> model diam_labels =  11.332 (mean diameter of training ROIs)
2024-03-14 16:23:23,331 [INFO] >>>> using diameter 10.000 for all images
2024-03-14 16:23:23,334 [INFO] 0%|          | 0/123 [00:00<?, ?it/s]
2024-03-14 16:23:28,664 [WARNING] no masks found, will not save PNG or outlines
2024-03-14 16:23:28,678 [INFO] 1%|          | 1/123 [00:05<10:51,  5.34s/it]
2024-03-14 16:23:31,448 [WARNING] no masks found, will not save PNG or outlines
2024-03-14 16:23:31,461 [INFO] 2%|1         | 2/123 [00:08<07:44,  3.84s/it]
2024-03-14 16:23:34,376 [WARNING] no masks found, will not save PNG or outlines
2024-03-14 16:23:34,389 [INFO] 2%|2         | 3/123 [00:11<06:50,  3.42s/it]
2024-03-14 16:23:37,240 [WARNING] no masks found, will not save PNG or outlines
2024-03-14 16:23:37,252 [INFO] 3%|3         | 4/123 [00:13<06:20,  3.20s/it]
2024-03-14 16:23:40,021 [WARNING] no masks found, will not save PNG or outlines
2024-03-14 16:23:40,035 [INFO] 4%|4         | 5/123 [00:16<05:59,  3.05s/it]
2024-03-14 16:23:42,808 [WARNING] no masks found, will not save PNG or outlines
2024-03-14 16:23:42,821 [INFO] 5%|4         | 6/123 [00:19<05:46,  2.96s/it]
2024-03-14 16:23:45,592 [WARNING] no masks found, will not save PNG or outlines
2024-03-14 16:23:45,604 [INFO] 6%|5         | 7/123 [00:22<05:36,  2.90s/it]
2024-03-14 16:23:48,373 [WARNING] no masks found, will not save PNG or outlines
2024-03-14 16:23:48,386 [INFO] 7%|6         | 8/123 [00:25<05:29,  2.86s/it]
2024-03-14 16:23:51,323 [WARNING] no masks found, will not save PNG or outlines
2024-03-14 16:23:51,336 [INFO] 7%|7         | 9/123 [00:28<05:29,  2.89s/it]
2024-03-14 16:23:54,114 [WARNING] no masks found, will not save PNG or outlines
2024-03-14 16:23:54,127 [INFO] 8%|8         | 10/123 [00:30<05:23,  2.86s/it]
2024-03-14 16:23:56,905 [WARNING] no masks found, will not save PNG or outlines
2024-03-14 16:23:56,921 [INFO] 9%|8         | 11/123 [00:33<05:18,  2.84s/it]
2024-03-14 16:23:59,689 [WARNING] no masks found, will not save PNG or outlines
2024-03-14 16:23:59,701 [INFO] 10%|9         | 12/123 [00:36<05:13,  2.82s/it]
2024-03-14 16:24:02,473 [WARNING] no masks found, will not save PNG or outlines
2024-03-14 16:24:02,487 [INFO] 11%|#         | 13/123 [00:39<05:09,  2.81s/it]
2024-03-14 16:24:05,292 [WARNING] no masks found, will not save PNG or outlines
2024-03-14 16:24:05,305 [INFO] 11%|#1        | 14/123 [00:41<05:06,  2.81s/it]
2024-03-14 16:24:08,312 [WARNING] no masks found, will not save PNG or outlines
2024-03-14 16:24:08,325 [INFO] 12%|#2        | 15/123 [00:44<05:10,  2.88s/it]
2024-03-14 16:24:11,127 [WARNING] no masks found, will not save PNG or outlines
2024-03-14 16:24:11,140 [INFO] 13%|#3        | 16/123 [00:47<05:05,  2.86s/it]
2024-03-14 16:24:14,023 [WARNING] no masks found, will not save PNG or outlines
2024-03-14 16:24:14,035 [INFO] 14%|#3        | 17/123 [00:50<05:04,  2.87s/it]
2024-03-14 16:24:16,836 [WARNING] no masks found, will not save PNG or outlines
2024-03-14 16:24:16,849 [INFO] 15%|#4        | 18/123 [00:53<04:59,  2.85s/it]
2024-03-14 16:24:19,666 [WARNING] no masks found, will not save PNG or outlines
2024-03-14 16:24:19,680 [INFO] 15%|#5        | 19/123 [00:56<04:55,  2.85s/it]
2024-03-14 16:24:22,647 [WARNING] no masks found, will not save PNG or outlines
2024-03-14 16:24:22,661 [INFO] 16%|#6        | 20/123 [00:59<04:57,  2.89s/it]
2024-03-14 16:24:25,371 [WARNING] no masks found, will not save PNG or outlines
2024-03-14 16:24:25,385 [INFO] 17%|#7        | 21/123 [01:02<04:49,  2.84s/it]
2024-03-14 16:24:28,068 [WARNING] no masks found, will not save PNG or outlines
2024-03-14 16:24:28,081 [INFO] 18%|#7        | 22/123 [01:04<04:42,  2.80s/it]
2024-03-14 16:24:30,748 [WARNING] no masks found, will not save PNG or outlines
2024-03-14 16:24:30,761 [INFO] 19%|#8        | 23/123 [01:07<04:36,  2.76s/it]
2024-03-14 16:24:33,444 [WARNING] no masks found, will not save PNG or outlines
2024-03-14 16:24:33,457 [INFO] 20%|#9        | 24/123 [01:10<04:31,  2.74s/it]
2024-03-14 16:24:36,296 [WARNING] no masks found, will not save PNG or outlines
2024-03-14 16:24:36,311 [INFO] 20%|##        | 25/123 [01:12<04:31,  2.78s/it]
2024-03-14 16:24:39,068 [WARNING] no masks found, will not save PNG or outlines
2024-03-14 16:24:39,081 [INFO] 21%|##1       | 26/123 [01:15<04:29,  2.77s/it]
2024-03-14 16:24:41,769 [WARNING] no masks found, will not save PNG or outlines
2024-03-14 16:24:41,784 [INFO] 22%|##1       | 27/123 [01:18<04:24,  2.75s/it]
2024-03-14 16:24:44,471 [WARNING] no masks found, will not save PNG or outlines
2024-03-14 16:24:44,527 [INFO] 23%|##2       | 28/123 [01:21<04:21,  2.75s/it]
2024-03-14 16:24:47,216 [WARNING] no masks found, will not save PNG or outlines
2024-03-14 16:24:47,229 [INFO] 24%|##3       | 29/123 [01:23<04:17,  2.74s/it]
2024-03-14 16:24:50,077 [WARNING] no masks found, will not save PNG or outlines
2024-03-14 16:24:50,090 [INFO] 24%|##4       | 30/123 [01:26<04:17,  2.77s/it]
2024-03-14 16:24:52,791 [WARNING] no masks found, will not save PNG or outlines
2024-03-14 16:24:52,804 [INFO] 25%|##5       | 31/123 [01:29<04:13,  2.76s/it]
2024-03-14 16:24:55,498 [WARNING] no masks found, will not save PNG or outlines
2024-03-14 16:24:55,511 [INFO] 26%|##6       | 32/123 [01:32<04:09,  2.74s/it]
2024-03-14 16:24:58,198 [WARNING] no masks found, will not save PNG or outlines
2024-03-14 16:24:58,211 [INFO] 27%|##6       | 33/123 [01:34<04:05,  2.73s/it]
2024-03-14 16:25:00,902 [WARNING] no masks found, will not save PNG or outlines
2024-03-14 16:25:00,915 [INFO] 28%|##7       | 34/123 [01:37<04:02,  2.72s/it]
2024-03-14 16:25:03,605 [WARNING] no masks found, will not save PNG or outlines
2024-03-14 16:25:03,619 [INFO] 28%|##8       | 35/123 [01:40<03:59,  2.72s/it]
2024-03-14 16:25:06,477 [WARNING] no masks found, will not save PNG or outlines
2024-03-14 16:25:06,490 [INFO] 29%|##9       | 36/123 [01:43<04:00,  2.76s/it]
2024-03-14 16:25:09,217 [WARNING] no masks found, will not save PNG or outlines
2024-03-14 16:25:09,231 [INFO] 30%|###       | 37/123 [01:45<03:57,  2.76s/it]
2024-03-14 16:25:11,996 [WARNING] no masks found, will not save PNG or outlines
2024-03-14 16:25:12,009 [INFO] 31%|###       | 38/123 [01:48<03:54,  2.76s/it]
2024-03-14 16:25:14,701 [WARNING] no masks found, will not save PNG or outlines
2024-03-14 16:25:14,714 [INFO] 32%|###1      | 39/123 [01:51<03:50,  2.75s/it]
2024-03-14 16:25:17,380 [WARNING] no masks found, will not save PNG or outlines
2024-03-14 16:25:17,393 [INFO] 33%|###2      | 40/123 [01:54<03:46,  2.73s/it]
2024-03-14 16:25:20,052 [WARNING] no masks found, will not save PNG or outlines
2024-03-14 16:25:20,065 [INFO] 33%|###3      | 41/123 [01:56<03:42,  2.71s/it]
2024-03-14 16:25:22,900 [WARNING] no masks found, will not save PNG or outlines
2024-03-14 16:25:22,912 [INFO] 34%|###4      | 42/123 [01:59<03:42,  2.75s/it]
2024-03-14 16:25:25,650 [WARNING] no masks found, will not save PNG or outlines
2024-03-14 16:25:25,664 [INFO] 35%|###4      | 43/123 [02:02<03:40,  2.75s/it]
2024-03-14 16:25:28,340 [WARNING] no masks found, will not save PNG or outlines
2024-03-14 16:25:28,354 [INFO] 36%|###5      | 44/123 [02:05<03:35,  2.73s/it]
2024-03-14 16:25:31,031 [WARNING] no masks found, will not save PNG or outlines
2024-03-14 16:25:31,043 [INFO] 37%|###6      | 45/123 [02:07<03:32,  2.72s/it]
2024-03-14 16:25:33,759 [WARNING] no masks found, will not save PNG or outlines
2024-03-14 16:25:33,771 [INFO] 37%|###7      | 46/123 [02:10<03:29,  2.72s/it]
2024-03-14 16:25:36,467 [WARNING] no masks found, will not save PNG or outlines
2024-03-14 16:25:36,479 [INFO] 38%|###8      | 47/123 [02:13<03:26,  2.72s/it]
2024-03-14 16:25:39,369 [WARNING] no masks found, will not save PNG or outlines
2024-03-14 16:25:39,382 [INFO] 39%|###9      | 48/123 [02:16<03:28,  2.77s/it]
2024-03-14 16:25:42,099 [WARNING] no masks found, will not save PNG or outlines
2024-03-14 16:25:42,112 [INFO] 40%|###9      | 49/123 [02:18<03:24,  2.76s/it]
2024-03-14 16:25:44,790 [WARNING] no masks found, will not save PNG or outlines
2024-03-14 16:25:44,803 [INFO] 41%|####      | 50/123 [02:21<03:19,  2.74s/it]
2024-03-14 16:25:47,463 [WARNING] no masks found, will not save PNG or outlines
2024-03-14 16:25:47,476 [INFO] 41%|####1     | 51/123 [02:24<03:15,  2.72s/it]
2024-03-14 16:25:50,135 [WARNING] no masks found, will not save PNG or outlines
2024-03-14 16:25:50,148 [INFO] 42%|####2     | 52/123 [02:26<03:12,  2.71s/it]
2024-03-14 16:25:53,046 [WARNING] no masks found, will not save PNG or outlines
2024-03-14 16:25:53,060 [INFO] 43%|####3     | 53/123 [02:29<03:13,  2.77s/it]
2024-03-14 16:25:55,815 [WARNING] no masks found, will not save PNG or outlines
2024-03-14 16:25:55,865 [INFO] 44%|####3     | 54/123 [02:32<03:11,  2.78s/it]
2024-03-14 16:25:58,542 [WARNING] no masks found, will not save PNG or outlines
2024-03-14 16:25:58,556 [INFO] 45%|####4     | 55/123 [02:35<03:07,  2.75s/it]
2024-03-14 16:26:01,234 [WARNING] no masks found, will not save PNG or outlines
2024-03-14 16:26:01,247 [INFO] 46%|####5     | 56/123 [02:37<03:03,  2.73s/it]
2024-03-14 16:26:03,929 [WARNING] no masks found, will not save PNG or outlines
2024-03-14 16:26:03,941 [INFO] 46%|####6     | 57/123 [02:40<02:59,  2.72s/it]
2024-03-14 16:26:06,738 [WARNING] no masks found, will not save PNG or outlines
2024-03-14 16:26:06,751 [INFO] 47%|####7     | 58/123 [02:43<02:58,  2.75s/it]
2024-03-14 16:26:09,472 [WARNING] no masks found, will not save PNG or outlines
2024-03-14 16:26:09,486 [INFO] 48%|####7     | 59/123 [02:46<02:55,  2.74s/it]
2024-03-14 16:26:12,176 [WARNING] no masks found, will not save PNG or outlines
2024-03-14 16:26:12,188 [INFO] 49%|####8     | 60/123 [02:48<02:52,  2.73s/it]
2024-03-14 16:26:14,930 [WARNING] no masks found, will not save PNG or outlines
2024-03-14 16:26:14,943 [INFO] 50%|####9     | 61/123 [02:51<02:49,  2.74s/it]
2024-03-14 16:26:17,738 [WARNING] no masks found, will not save PNG or outlines
2024-03-14 16:26:17,751 [INFO] 50%|#####     | 62/123 [02:54<02:48,  2.76s/it]
2024-03-14 16:26:20,501 [WARNING] no masks found, will not save PNG or outlines
2024-03-14 16:26:20,514 [INFO] 51%|#####1    | 63/123 [02:57<02:45,  2.76s/it]
2024-03-14 16:26:23,453 [WARNING] no masks found, will not save PNG or outlines
2024-03-14 16:26:23,465 [INFO] 52%|#####2    | 64/123 [03:00<02:46,  2.82s/it]
2024-03-14 16:26:26,213 [WARNING] no masks found, will not save PNG or outlines
2024-03-14 16:26:26,226 [INFO] 53%|#####2    | 65/123 [03:02<02:42,  2.80s/it]
2024-03-14 16:26:28,942 [WARNING] no masks found, will not save PNG or outlines
2024-03-14 16:26:28,954 [INFO] 54%|#####3    | 66/123 [03:05<02:38,  2.78s/it]
2024-03-14 16:26:31,699 [WARNING] no masks found, will not save PNG or outlines
2024-03-14 16:26:31,713 [INFO] 54%|#####4    | 67/123 [03:08<02:35,  2.77s/it]
2024-03-14 16:26:34,466 [WARNING] no masks found, will not save PNG or outlines
2024-03-14 16:26:34,479 [INFO] 55%|#####5    | 68/123 [03:11<02:32,  2.77s/it]
2024-03-14 16:26:37,250 [WARNING] no masks found, will not save PNG or outlines
2024-03-14 16:26:37,262 [INFO] 56%|#####6    | 69/123 [03:13<02:29,  2.77s/it]
2024-03-14 16:26:40,196 [WARNING] no masks found, will not save PNG or outlines
2024-03-14 16:26:40,210 [INFO] 57%|#####6    | 70/123 [03:16<02:29,  2.83s/it]
2024-03-14 16:26:43,067 [WARNING] no masks found, will not save PNG or outlines
2024-03-14 16:26:43,080 [INFO] 58%|#####7    | 71/123 [03:19<02:27,  2.84s/it]
2024-03-14 16:26:45,854 [WARNING] no masks found, will not save PNG or outlines
2024-03-14 16:26:45,867 [INFO] 59%|#####8    | 72/123 [03:22<02:24,  2.82s/it]
2024-03-14 16:26:48,653 [WARNING] no masks found, will not save PNG or outlines
2024-03-14 16:26:48,666 [INFO] 59%|#####9    | 73/123 [03:25<02:20,  2.82s/it]
2024-03-14 16:26:51,469 [WARNING] no masks found, will not save PNG or outlines
2024-03-14 16:26:51,483 [INFO] 60%|######    | 74/123 [03:28<02:18,  2.82s/it]
2024-03-14 16:26:54,265 [WARNING] no masks found, will not save PNG or outlines
2024-03-14 16:26:54,278 [INFO] 61%|######    | 75/123 [03:30<02:14,  2.81s/it]
2024-03-14 16:26:57,206 [WARNING] no masks found, will not save PNG or outlines
2024-03-14 16:26:57,220 [INFO] 62%|######1   | 76/123 [03:33<02:13,  2.85s/it]
2024-03-14 16:27:00,034 [WARNING] no masks found, will not save PNG or outlines
2024-03-14 16:27:00,048 [INFO] 63%|######2   | 77/123 [03:36<02:10,  2.84s/it]
2024-03-14 16:27:02,820 [WARNING] no masks found, will not save PNG or outlines
2024-03-14 16:27:02,833 [INFO] 63%|######3   | 78/123 [03:39<02:07,  2.83s/it]
2024-03-14 16:27:05,620 [WARNING] no masks found, will not save PNG or outlines
2024-03-14 16:27:05,633 [INFO] 64%|######4   | 79/123 [03:42<02:03,  2.82s/it]
2024-03-14 16:27:08,413 [WARNING] no masks found, will not save PNG or outlines
2024-03-14 16:27:08,425 [INFO] 65%|######5   | 80/123 [03:45<02:00,  2.81s/it]
2024-03-14 16:27:11,351 [WARNING] no masks found, will not save PNG or outlines
2024-03-14 16:27:11,364 [INFO] 66%|######5   | 81/123 [03:48<01:59,  2.85s/it]
2024-03-14 16:27:14,226 [WARNING] no masks found, will not save PNG or outlines
2024-03-14 16:27:14,240 [INFO] 67%|######6   | 82/123 [03:50<01:57,  2.86s/it]
2024-03-14 16:27:16,973 [WARNING] no masks found, will not save PNG or outlines
2024-03-14 16:27:16,986 [INFO] 67%|######7   | 83/123 [03:53<01:52,  2.82s/it]
2024-03-14 16:27:19,737 [WARNING] no masks found, will not save PNG or outlines
2024-03-14 16:27:19,749 [INFO] 68%|######8   | 84/123 [03:56<01:49,  2.81s/it]
2024-03-14 16:27:22,515 [WARNING] no masks found, will not save PNG or outlines
2024-03-14 16:27:22,528 [INFO] 69%|######9   | 85/123 [03:59<01:46,  2.80s/it]
2024-03-14 16:27:25,450 [WARNING] no masks found, will not save PNG or outlines
2024-03-14 16:27:25,463 [INFO] 70%|######9   | 86/123 [04:02<01:45,  2.84s/it]
2024-03-14 16:27:28,332 [WARNING] no masks found, will not save PNG or outlines
2024-03-14 16:27:28,345 [INFO] 71%|#######   | 87/123 [04:05<01:42,  2.85s/it]
2024-03-14 16:27:31,107 [WARNING] no masks found, will not save PNG or outlines
2024-03-14 16:27:31,119 [INFO] 72%|#######1  | 88/123 [04:07<01:38,  2.83s/it]
2024-03-14 16:27:33,902 [WARNING] no masks found, will not save PNG or outlines
2024-03-14 16:27:33,914 [INFO] 72%|#######2  | 89/123 [04:10<01:35,  2.82s/it]
2024-03-14 16:27:36,675 [WARNING] no masks found, will not save PNG or outlines
2024-03-14 16:27:36,689 [INFO] 73%|#######3  | 90/123 [04:13<01:32,  2.81s/it]
2024-03-14 16:27:39,623 [WARNING] no masks found, will not save PNG or outlines
2024-03-14 16:27:39,637 [INFO] 74%|#######3  | 91/123 [04:16<01:31,  2.85s/it]
2024-03-14 16:27:42,455 [WARNING] no masks found, will not save PNG or outlines
2024-03-14 16:27:42,467 [INFO] 75%|#######4  | 92/123 [04:19<01:28,  2.84s/it]
2024-03-14 16:27:45,257 [WARNING] no masks found, will not save PNG or outlines
2024-03-14 16:27:45,270 [INFO] 76%|#######5  | 93/123 [04:21<01:24,  2.83s/it]
2024-03-14 16:27:48,038 [WARNING] no masks found, will not save PNG or outlines
2024-03-14 16:27:48,050 [INFO] 76%|#######6  | 94/123 [04:24<01:21,  2.82s/it]
2024-03-14 16:27:50,895 [WARNING] no masks found, will not save PNG or outlines
2024-03-14 16:27:50,909 [INFO] 77%|#######7  | 95/123 [04:27<01:19,  2.83s/it]
2024-03-14 16:27:53,677 [WARNING] no masks found, will not save PNG or outlines
2024-03-14 16:27:53,690 [INFO] 78%|#######8  | 96/123 [04:30<01:15,  2.81s/it]
2024-03-14 16:27:56,616 [WARNING] no masks found, will not save PNG or outlines
2024-03-14 16:27:56,629 [INFO] 79%|#######8  | 97/123 [04:33<01:14,  2.85s/it]
2024-03-14 16:27:59,414 [WARNING] no masks found, will not save PNG or outlines
2024-03-14 16:27:59,427 [INFO] 80%|#######9  | 98/123 [04:36<01:10,  2.84s/it]
2024-03-14 16:28:02,377 [INFO] 80%|########  | 99/123 [04:39<01:08,  2.87s/it]
2024-03-14 16:28:05,147 [WARNING] no masks found, will not save PNG or outlines
2024-03-14 16:28:05,161 [INFO] 81%|########1 | 100/123 [04:41<01:05,  2.84s/it]
2024-03-14 16:28:07,934 [WARNING] no masks found, will not save PNG or outlines
2024-03-14 16:28:07,948 [INFO] 82%|########2 | 101/123 [04:44<01:02,  2.83s/it]
2024-03-14 16:28:10,733 [WARNING] no masks found, will not save PNG or outlines
2024-03-14 16:28:10,746 [INFO] 83%|########2 | 102/123 [04:47<00:59,  2.82s/it]
2024-03-14 16:28:13,719 [WARNING] no masks found, will not save PNG or outlines
2024-03-14 16:28:13,732 [INFO] 84%|########3 | 103/123 [04:50<00:57,  2.87s/it]
2024-03-14 16:28:16,604 [WARNING] no masks found, will not save PNG or outlines
2024-03-14 16:28:16,618 [INFO] 85%|########4 | 104/123 [04:53<00:54,  2.87s/it]
2024-03-14 16:28:19,408 [WARNING] no masks found, will not save PNG or outlines
2024-03-14 16:28:19,421 [INFO] 85%|########5 | 105/123 [04:56<00:51,  2.85s/it]
2024-03-14 16:28:22,198 [WARNING] no masks found, will not save PNG or outlines
2024-03-14 16:28:22,210 [INFO] 86%|########6 | 106/123 [04:58<00:48,  2.83s/it]
2024-03-14 16:28:25,113 [INFO] 87%|########6 | 107/123 [05:01<00:45,  2.85s/it]
2024-03-14 16:28:27,847 [WARNING] no masks found, will not save PNG or outlines
2024-03-14 16:28:27,861 [INFO] 88%|########7 | 108/123 [05:04<00:42,  2.82s/it]
2024-03-14 16:28:30,944 [WARNING] no masks found, will not save PNG or outlines
2024-03-14 16:28:30,957 [INFO] 89%|########8 | 109/123 [05:07<00:40,  2.90s/it]
2024-03-14 16:28:33,730 [WARNING] no masks found, will not save PNG or outlines
2024-03-14 16:28:33,743 [INFO] 89%|########9 | 110/123 [05:10<00:37,  2.87s/it]
2024-03-14 16:28:36,519 [WARNING] no masks found, will not save PNG or outlines
2024-03-14 16:28:36,532 [INFO] 90%|######### | 111/123 [05:13<00:34,  2.85s/it]
2024-03-14 16:28:39,264 [WARNING] no masks found, will not save PNG or outlines
2024-03-14 16:28:39,277 [INFO] 91%|#########1| 112/123 [05:15<00:30,  2.81s/it]
2024-03-14 16:28:42,012 [WARNING] no masks found, will not save PNG or outlines
2024-03-14 16:28:42,025 [INFO] 92%|#########1| 113/123 [05:18<00:27,  2.79s/it]
2024-03-14 16:28:44,928 [WARNING] no masks found, will not save PNG or outlines
2024-03-14 16:28:44,942 [INFO] 93%|#########2| 114/123 [05:21<00:25,  2.83s/it]
2024-03-14 16:28:47,810 [WARNING] no masks found, will not save PNG or outlines
2024-03-14 16:28:47,822 [INFO] 93%|#########3| 115/123 [05:24<00:22,  2.85s/it]
2024-03-14 16:28:50,571 [WARNING] no masks found, will not save PNG or outlines
2024-03-14 16:28:50,584 [INFO] 94%|#########4| 116/123 [05:27<00:19,  2.82s/it]
2024-03-14 16:28:53,310 [WARNING] no masks found, will not save PNG or outlines
2024-03-14 16:28:53,323 [INFO] 95%|#########5| 117/123 [05:29<00:16,  2.80s/it]
2024-03-14 16:28:56,047 [WARNING] no masks found, will not save PNG or outlines
2024-03-14 16:28:56,059 [INFO] 96%|#########5| 118/123 [05:32<00:13,  2.78s/it]
2024-03-14 16:28:58,894 [WARNING] no masks found, will not save PNG or outlines
2024-03-14 16:28:58,906 [INFO] 97%|#########6| 119/123 [05:35<00:11,  2.80s/it]
2024-03-14 16:29:01,796 [WARNING] no masks found, will not save PNG or outlines
2024-03-14 16:29:01,809 [INFO] 98%|#########7| 120/123 [05:38<00:08,  2.83s/it]
2024-03-14 16:29:04,542 [WARNING] no masks found, will not save PNG or outlines
2024-03-14 16:29:04,554 [INFO] 98%|#########8| 121/123 [05:41<00:05,  2.80s/it]
2024-03-14 16:29:07,313 [WARNING] no masks found, will not save PNG or outlines
2024-03-14 16:29:07,325 [INFO] 99%|#########9| 122/123 [05:43<00:02,  2.79s/it]
2024-03-14 16:29:10,101 [WARNING] no masks found, will not save PNG or outlines
2024-03-14 16:29:10,114 [INFO] 100%|##########| 123/123 [05:46<00:00,  2.79s/it]
2024-03-14 16:29:10,114 [INFO] 100%|##########| 123/123 [05:46<00:00,  2.82s/it]
2024-03-14 16:29:10,114 [INFO] >>>> completed in 348.736 sec
/nas/longleaf/home/smyersn/miniconda3/envs/segmentation/lib/python3.8/site-packages/torch/nn/modules/conv.py:456: UserWarning: Applied workaround for CuDNN issue, install nvrtc.so (Triggered internally at /opt/conda/conda-bld/pytorch_1704987290659/work/aten/src/ATen/native/cudnn/Conv_v8.cpp:80.)
  return F.conv2d(input, weight, bias, self.stride,
